============================================================
Time  2010/01/01 00:31:16 447 
============================================================
[2010/01/01 00:31:16 449] isr_local  2145 os_type is:  Linux  
[2010/01/01 00:31:16 472] isr_local  2154 SYS_MSG_LOAD_LOCAL  
[2010/01/01 00:31:16 519] isr_local  2183 SYS_MSG_REGCB_LOCAL| param0 =  msp_status_cb  
[2010/01/01 00:31:16 556] isr_local  2242 last gc at  1262277076  
[2010/01/01 00:31:16 668] isr_local  2183 SYS_MSG_REGCB_LOCAL| param0 =  build_grm_cb  
[2010/01/01 00:31:16 713] isr_local  2242 last gc at  1262277076  
[2010/01/01 00:31:16 780] isr_local  2196 ASR_LOCAL_MSG_BUILD_GRM  
[2010/01/01 00:31:16 798] isr_local  1838 grm_init | params:  engine_type = local, 		asr_res_path = fo|res/asr/common.jet, sample_rate = 16000, 		grm_build_path = res/asr/GrmBuilld,   
[2010/01/01 00:31:16 835] isr_local  801  engine_type  :  local  
[2010/01/01 00:31:16 856] isr_local  801  asr_res_path  :  fo|res/asr/common.jet  
[2010/01/01 00:31:16 877] isr_local  801  sample_rate  :  16000  
[2010/01/01 00:31:16 909] isr_local  801  grm_build_path  :  res/asr/GrmBuilld  
[2010/01/01 00:31:17 000] isr_local  998  file count =   1  
[2010/01/01 00:31:17 025] isr_local  921  file open type is:   fo  
[2010/01/01 00:31:17 042] isr_local  954  res/asr/common.jet  0  0  
[2010/01/01 00:31:17 068] isr_local  1016 speech_plus_setting  0  
[2010/01/01 00:31:17 094] isr_local  1029 2  nil  res/asr/common.jet  0  0  
[2010/01/01 00:31:17 163] isr_local  1031 res_ver  2  
[2010/01/01 00:31:17 188] isr_local  1032 res 5  a67ec4631cc3043e4b7fce4a4b7234d9  
[2010/01/01 00:31:17 202] isr_local  1033 res_new_old_mark  v5pp  
[2010/01/01 00:31:17 227] isr_local  1034 res_usr_name    
[2010/01/01 00:31:17 242] isr_local  1035 res_expires  1485072161  
[2010/01/01 00:31:17 269] isr_local  1036 err  0  
[2010/01/01 00:31:17 291] isr_local  1052 lgi appid 5  a67ec4631cc3043e4b7fce4a4b7234d9  
[2010/01/01 00:31:17 313] isr_local  1067 now expires:  1262277077  1485072161  
[2010/01/01 00:31:17 642] isr_local  1579 proc_retcode_grm | errorcode =  0  
[2010/01/01 00:31:18 115] isr_local  1956 grammar id:cmd  
[2010/01/01 00:31:18 135] isr_local  1571 onGrmLocalServiceCb  0  cmd  
