============================================================
Time  2010/01/01 03:58:33 960 
============================================================
[2010/01/01 03:58:33 961] isr_local  2145 os_type is:  Linux  
[2010/01/01 03:58:33 964] isr_local  2154 SYS_MSG_LOAD_LOCAL  
[2010/01/01 03:58:33 968] isr_local  2183 SYS_MSG_REGCB_LOCAL| param0 =  msp_status_cb  
[2010/01/01 03:58:33 969] isr_local  2242 last gc at  1262289513  
[2010/01/01 03:58:33 978] isr_local  2183 SYS_MSG_REGCB_LOCAL| param0 =  build_grm_cb  
[2010/01/01 03:58:33 980] isr_local  2242 last gc at  1262289513  
[2010/01/01 03:58:33 984] isr_local  2196 ASR_LOCAL_MSG_BUILD_GRM  
[2010/01/01 03:58:33 986] isr_local  1838 grm_init | params:  engine_type = local, 		asr_res_path = fo|res/asr/common.jet, sample_rate = 16000, 		grm_build_path = res/asr/GrmBuilld,   
[2010/01/01 03:58:33 988] isr_local  801  engine_type  :  local  
[2010/01/01 03:58:33 989] isr_local  801  asr_res_path  :  fo|res/asr/common.jet  
[2010/01/01 03:58:33 991] isr_local  801  sample_rate  :  16000  
[2010/01/01 03:58:33 994] isr_local  801  grm_build_path  :  res/asr/GrmBuilld  
[2010/01/01 03:58:34 003] isr_local  998  file count =   1  
[2010/01/01 03:58:34 008] isr_local  921  file open type is:   fo  
[2010/01/01 03:58:34 009] isr_local  954  res/asr/common.jet  0  0  
[2010/01/01 03:58:34 011] isr_local  1016 speech_plus_setting  0  
[2010/01/01 03:58:34 013] isr_local  1029 2  nil  res/asr/common.jet  0  0  
[2010/01/01 03:58:34 022] isr_local  1031 res_ver  2  
[2010/01/01 03:58:34 024] isr_local  1032 res 5  a67ec4631cc3043e4b7fce4a4b7234d9  
[2010/01/01 03:58:34 026] isr_local  1033 res_new_old_mark  v5pp  
[2010/01/01 03:58:34 028] isr_local  1034 res_usr_name    
[2010/01/01 03:58:34 030] isr_local  1035 res_expires  1485072161  
[2010/01/01 03:58:34 031] isr_local  1036 err  0  
[2010/01/01 03:58:34 035] isr_local  1052 lgi appid 5  a67ec4631cc3043e4b7fce4a4b7234d9  
[2010/01/01 03:58:34 037] isr_local  1067 now expires:  1262289514  1485072161  
[2010/01/01 03:58:34 055] isr_local  1579 proc_retcode_grm | errorcode =  0  
[2010/01/01 03:58:34 139] isr_local  1956 grammar id:cmd  
[2010/01/01 03:58:34 143] isr_local  1571 onGrmLocalServiceCb  0  cmd  
