============================================================
Time  2010/01/01 00:03:33 307 
============================================================
[2010/01/01 00:03:33 309] isr        1641 isr loaded!  
[2010/01/01 00:03:33 379] isr        1624 SYS_MSG_REGCB param0 =   msp_status_cb  param1 =   func(9a9ca00) 
[2010/01/01 00:03:33 535] isr        1525 ASR_MSG_SSB  
[2010/01/01 00:03:33 562] isr        1070 session_begin() [in], params:   engine_type = local, asr_res_path = fo|res/asr/common.jet, sample_rate = 16000, grm_build_path = res/asr/GrmBuilld, local_grammar = cmd, result_type = xml, result_encoding = UTF-8, Í£	À  nil  
[2010/01/01 00:03:33 618] isr        938  vad_set [in]  
[2010/01/01 00:03:33 652] isr        973  vad_enable :  true  
[2010/01/01 00:03:33 690] isr        991  vad_bos :  10000  
[2010/01/01 00:03:33 714] isr        992  vad_eos :  2000  
[2010/01/01 00:03:33 741] isr        897  enable_vad [in]  
[2010/01/01 00:03:33 958] isr        929  vad enabled!  2000  10000  
[2010/01/01 00:03:33 985] isr        932  enable_vad [out]  
[2010/01/01 00:03:34 016] isr        998  vad_set [out] | ret =  0  
[2010/01/01 00:03:34 044] isr        1174 cur_engine_type =   local  
[2010/01/01 00:03:34 086] isr        1003 local_session_begin  
[2010/01/01 00:03:35 310] isr        1535 ASR_MSG_AUW,   local  
[2010/01/01 00:03:35 485] isr        1546 6400  1  
[2010/01/01 00:03:35 594] isr        1550 once_bytes:   6400  
[2010/01/01 00:03:36 137] isr        1535 ASR_MSG_AUW,   local  
[2010/01/01 00:03:36 254] isr        1546 6400  2  
[2010/01/01 00:03:36 752] isr        1535 ASR_MSG_AUW,   local  
[2010/01/01 00:03:36 922] isr        1546 6400  2  
[2010/01/01 00:03:37 097] isr        1535 ASR_MSG_AUW,   local  
[2010/01/01 00:03:37 128] isr        1546 6400  2  
[2010/01/01 00:03:38 281] isr        845  [aud] speech start  
[2010/01/01 00:03:39 087] isr        1535 ASR_MSG_AUW,   local  
[2010/01/01 00:03:39 208] isr        1546 6400  2  
[2010/01/01 00:03:39 701] isr        1535 ASR_MSG_AUW,   local  
[2010/01/01 00:03:39 783] isr        1546 6400  2  
[2010/01/01 00:03:40 148] isr        1535 ASR_MSG_AUW,   local  
[2010/01/01 00:03:40 209] isr        1546 6400  2  
[2010/01/01 00:03:40 422] isr        1535 ASR_MSG_AUW,   local  
[2010/01/01 00:03:40 463] isr        1546 6400  2  
[2010/01/01 00:03:40 790] isr        1535 ASR_MSG_AUW,   local  
[2010/01/01 00:03:40 907] isr        1546 6400  2  
[2010/01/01 00:03:42 413] isr        1535 ASR_MSG_AUW,   local  
[2010/01/01 00:03:42 459] isr        1546 6400  2  
[2010/01/01 00:03:42 874] isr        1535 ASR_MSG_AUW,   local  
[2010/01/01 00:03:42 897] isr        1546 6400  2  
[2010/01/01 00:03:43 899] isr        1535 ASR_MSG_AUW,   local  
[2010/01/01 00:03:43 937] isr        1546 6400  2  
[2010/01/01 00:03:44 346] isr        1535 ASR_MSG_AUW,   local  
[2010/01/01 00:03:44 374] isr        1546 6400  2  
[2010/01/01 00:03:44 766] isr        1535 ASR_MSG_AUW,   local  
[2010/01/01 00:03:44 796] isr        1546 6400  2  
[2010/01/01 00:03:45 201] isr        1535 ASR_MSG_AUW,   local  
[2010/01/01 00:03:45 244] isr        1546 6400  2  
[2010/01/01 00:03:45 584] isr        1535 ASR_MSG_AUW,   local  
[2010/01/01 00:03:45 631] isr        1546 0  4  
[2010/01/01 00:03:45 677] isr        1579 aud end, USER  
[2010/01/01 00:03:48 538] isr        855  [aud] speech end  
[2010/01/01 00:03:48 911] isr        1618 ASR_MSG_GRSLT,   local  
[2010/01/01 00:03:48 942] isr        1297 0  nil  2  
[2010/01/01 00:03:49 259] isr        1618 ASR_MSG_GRSLT,   local  
[2010/01/01 00:03:49 349] isr        1297 0  nil  2  
[2010/01/01 00:03:49 685] isr        1618 ASR_MSG_GRSLT,   local  
[2010/01/01 00:03:49 719] isr        1297 0  nil  2  
[2010/01/01 00:03:50 067] isr        1618 ASR_MSG_GRSLT,   local  
[2010/01/01 00:03:50 111] isr        1297 0  nil  2  
[2010/01/01 00:03:50 474] isr        1618 ASR_MSG_GRSLT,   local  
[2010/01/01 00:03:50 503] isr        1297 0  nil  2  
[2010/01/01 00:03:51 057] isr        1618 ASR_MSG_GRSLT,   local  
[2010/01/01 00:03:51 292] isr        1297 0  nil  2  
[2010/01/01 00:03:52 191] isr        1618 ASR_MSG_GRSLT,   local  
[2010/01/01 00:03:52 247] isr        1297 0  nil  2  
[2010/01/01 00:03:52 772] isr        1618 ASR_MSG_GRSLT,   local  
[2010/01/01 00:03:52 806] isr        1297 0  nil  2  
[2010/01/01 00:03:53 158] isr        1618 ASR_MSG_GRSLT,   local  
[2010/01/01 00:03:53 212] isr        1297 0  nil  2  
[2010/01/01 00:03:53 653] isr        1618 ASR_MSG_GRSLT,   local  
[2010/01/01 00:03:53 701] isr        1297 0  nil  2  
[2010/01/01 00:03:54 093] isr        1618 ASR_MSG_GRSLT,   local  
[2010/01/01 00:03:54 125] isr        1297 0  nil  2  
[2010/01/01 00:03:54 544] isr        1618 ASR_MSG_GRSLT,   local  
[2010/01/01 00:03:54 589] isr        1297 0  nil  2  
[2010/01/01 00:03:55 044] isr        1618 ASR_MSG_GRSLT,   local  
[2010/01/01 00:03:55 090] isr        1297 0  nil  2  
[2010/01/01 00:03:55 474] isr        1618 ASR_MSG_GRSLT,   local  
[2010/01/01 00:03:55 523] isr        1297 0  nil  2  
[2010/01/01 00:03:55 882] isr        1618 ASR_MSG_GRSLT,   local  
[2010/01/01 00:03:55 928] isr        1297 0  nil  2  
[2010/01/01 00:03:56 319] isr        1618 ASR_MSG_GRSLT,   local  
[2010/01/01 00:03:56 362] isr        1297 0  nil  2  
[2010/01/01 00:03:56 718] isr        1618 ASR_MSG_GRSLT,   local  
[2010/01/01 00:03:56 759] isr        1297 0  nil  2  
[2010/01/01 00:03:57 147] isr        1618 ASR_MSG_GRSLT,   local  
[2010/01/01 00:03:57 214] isr        1297 0  nil  2  
[2010/01/01 00:03:57 625] isr        1618 ASR_MSG_GRSLT,   local  
[2010/01/01 00:03:57 686] isr        1297 0  nil  2  
[2010/01/01 00:03:58 123] isr        1618 ASR_MSG_GRSLT,   local  
[2010/01/01 00:03:58 168] isr        1297 0  nil  2  
[2010/01/01 00:03:58 594] isr        1618 ASR_MSG_GRSLT,   local  
[2010/01/01 00:03:58 666] isr        1297 0  nil  2  
[2010/01/01 00:03:59 066] isr        1618 ASR_MSG_GRSLT,   local  
[2010/01/01 00:03:59 119] isr        1297 0  nil  2  
[2010/01/01 00:03:59 472] isr        1618 ASR_MSG_GRSLT,   local  
[2010/01/01 00:03:59 529] isr        1297 0  nil  2  
[2010/01/01 00:03:59 918] isr        1618 ASR_MSG_GRSLT,   local  
[2010/01/01 00:03:59 943] isr        1297 0  nil  2  
[2010/01/01 00:04:00 346] isr        1618 ASR_MSG_GRSLT,   local  
[2010/01/01 00:04:00 390] isr        1297 0  nil  2  
[2010/01/01 00:04:00 748] isr        1618 ASR_MSG_GRSLT,   local  
[2010/01/01 00:04:00 789] isr        1297 0  nil  2  
[2010/01/01 00:04:01 145] isr        1618 ASR_MSG_GRSLT,   local  
[2010/01/01 00:04:01 196] isr        1297 0  nil  2  
[2010/01/01 00:04:01 592] isr        1618 ASR_MSG_GRSLT,   local  
[2010/01/01 00:04:01 661] isr        1297 0  nil  2  
[2010/01/01 00:04:02 002] isr        1751 !!! isr session timeout  
[2010/01/01 00:04:02 149] isr        1618 ASR_MSG_GRSLT,   local  
[2010/01/01 00:04:02 216] isr        1297 10114  nil  2  
[2010/01/01 00:04:02 498] isr        1621 ASR_MSG_SSE,   local  
[2010/01/01 00:04:02 544] isr        1346 session_end() [in]  
[2010/01/01 00:04:02 643] isr        1367 local_session_end() [in]  
[2010/01/01 00:04:02 857] isr        1404 ASR_LOCAL_MSG_SSE net_type  nil  
[2010/01/01 00:04:03 108] isr        1649 isr unload!  
============================================================
Time  2010/01/01 00:04:07 426 
============================================================
[2010/01/01 00:04:07 444] isr        1641 isr loaded!  
[2010/01/01 00:04:07 628] isr        1624 SYS_MSG_REGCB param0 =   msp_status_cb  param1 =   func(f2b9b760) 
[2010/01/01 00:04:07 886] isr        1525 ASR_MSG_SSB  
[2010/01/01 00:04:08 018] isr        1070 session_begin() [in], params:   engine_type = local, asr_res_path = fo|res/asr/common.jet, sample_rate = 16000, grm_build_path = res/asr/GrmBuilld, local_grammar = cmd, result_type = xml, result_encoding = UTF-8, Í£	À  nil  
[2010/01/01 00:04:08 130] isr        938  vad_set [in]  
[2010/01/01 00:04:08 181] isr        973  vad_enable :  true  
[2010/01/01 00:04:08 226] isr        991  vad_bos :  10000  
[2010/01/01 00:04:08 444] isr        992  vad_eos :  2000  
[2010/01/01 00:04:08 471] isr        897  enable_vad [in]  
[2010/01/01 00:04:09 241] isr        929  vad enabled!  2000  10000  
[2010/01/01 00:04:09 295] isr        932  enable_vad [out]  
[2010/01/01 00:04:09 342] isr        998  vad_set [out] | ret =  0  
[2010/01/01 00:04:09 410] isr        1174 cur_engine_type =   local  
[2010/01/01 00:04:09 479] isr        1003 local_session_begin  
[2010/01/01 00:04:10 252] isr        1535 ASR_MSG_AUW,   local  
[2010/01/01 00:04:10 454] isr        1546 6400  1  
[2010/01/01 00:04:10 648] isr        1550 once_bytes:   6400  
[2010/01/01 00:04:11 442] isr        1535 ASR_MSG_AUW,   local  
[2010/01/01 00:04:11 511] isr        1546 6400  2  
[2010/01/01 00:04:12 636] isr        1535 ASR_MSG_AUW,   local  
[2010/01/01 00:04:12 768] isr        1546 6400  2  
[2010/01/01 00:04:13 633] isr        1535 ASR_MSG_AUW,   local  
[2010/01/01 00:04:13 694] isr        1546 6400  2  
[2010/01/01 00:04:14 017] isr        1535 ASR_MSG_AUW,   local  
[2010/01/01 00:04:14 070] isr        1546 6400  2  
[2010/01/01 00:04:14 450] isr        1535 ASR_MSG_AUW,   local  
[2010/01/01 00:04:14 483] isr        1546 6400  2  
[2010/01/01 00:04:14 838] isr        1535 ASR_MSG_AUW,   local  
[2010/01/01 00:04:14 870] isr        1546 6400  2  
[2010/01/01 00:04:16 617] isr        845  [aud] speech start  
[2010/01/01 00:04:16 918] isr        1535 ASR_MSG_AUW,   local  
[2010/01/01 00:04:16 967] isr        1546 6400  2  
[2010/01/01 00:04:17 425] isr        1535 ASR_MSG_AUW,   local  
[2010/01/01 00:04:17 508] isr        1546 6400  2  
[2010/01/01 00:04:18 005] isr        1535 ASR_MSG_AUW,   local  
[2010/01/01 00:04:18 090] isr        1546 6400  2  
[2010/01/01 00:04:18 380] isr        1535 ASR_MSG_AUW,   local  
[2010/01/01 00:04:18 486] isr        1546 6400  2  
[2010/01/01 00:04:18 743] isr        1535 ASR_MSG_AUW,   local  
[2010/01/01 00:04:18 791] isr        1546 6400  2  
[2010/01/01 00:04:19 041] isr        1535 ASR_MSG_AUW,   local  
[2010/01/01 00:04:19 103] isr        1546 6400  2  
[2010/01/01 00:04:19 510] isr        1535 ASR_MSG_AUW,   local  
[2010/01/01 00:04:19 611] isr        1546 6400  2  
[2010/01/01 00:04:19 918] isr        1535 ASR_MSG_AUW,   local  
[2010/01/01 00:04:20 053] isr        1546 6400  2  
[2010/01/01 00:04:20 445] isr        1535 ASR_MSG_AUW,   local  
[2010/01/01 00:04:20 481] isr        1546 0  4  
[2010/01/01 00:04:20 555] isr        1579 aud end, USER  
[2010/01/01 00:04:25 838] isr        855  [aud] speech end  
[2010/01/01 00:04:26 254] isr        1618 ASR_MSG_GRSLT,   local  
[2010/01/01 00:04:26 297] isr        1297 0  nil  2  
[2010/01/01 00:04:26 659] isr        1618 ASR_MSG_GRSLT,   local  
[2010/01/01 00:04:26 708] isr        1297 0  nil  2  
[2010/01/01 00:04:27 128] isr        1618 ASR_MSG_GRSLT,   local  
[2010/01/01 00:04:27 156] isr        1297 0  nil  2  
[2010/01/01 00:04:27 494] isr        1618 ASR_MSG_GRSLT,   local  
[2010/01/01 00:04:27 570] isr        1297 0  nil  2  
[2010/01/01 00:04:27 928] isr        1618 ASR_MSG_GRSLT,   local  
[2010/01/01 00:04:27 978] isr        1297 0  nil  2  
[2010/01/01 00:04:28 388] isr        1618 ASR_MSG_GRSLT,   local  
[2010/01/01 00:04:28 422] isr        1297 0  nil  2  
[2010/01/01 00:04:28 796] isr        1618 ASR_MSG_GRSLT,   local  
[2010/01/01 00:04:28 842] isr        1297 0  nil  2  
[2010/01/01 00:04:29 252] isr        1618 ASR_MSG_GRSLT,   local  
[2010/01/01 00:04:29 332] isr        1297 0  nil  2  
[2010/01/01 00:04:29 675] isr        1618 ASR_MSG_GRSLT,   local  
[2010/01/01 00:04:29 763] isr        1297 0  nil  2  
[2010/01/01 00:04:30 160] isr        1618 ASR_MSG_GRSLT,   local  
[2010/01/01 00:04:30 213] isr        1297 0  nil  2  
[2010/01/01 00:04:30 525] isr        1618 ASR_MSG_GRSLT,   local  
[2010/01/01 00:04:30 570] isr        1297 0  nil  2  
[2010/01/01 00:04:30 947] isr        1618 ASR_MSG_GRSLT,   local  
[2010/01/01 00:04:30 980] isr        1297 0  nil  2  
[2010/01/01 00:04:31 337] isr        1618 ASR_MSG_GRSLT,   local  
[2010/01/01 00:04:31 385] isr        1297 0  nil  2  
[2010/01/01 00:04:31 814] isr        1618 ASR_MSG_GRSLT,   local  
[2010/01/01 00:04:31 867] isr        1297 0  nil  2  
[2010/01/01 00:04:32 223] isr        1618 ASR_MSG_GRSLT,   local  
[2010/01/01 00:04:32 272] isr        1297 0  nil  2  
[2010/01/01 00:04:32 632] isr        1618 ASR_MSG_GRSLT,   local  
[2010/01/01 00:04:32 685] isr        1297 0  nil  2  
[2010/01/01 00:04:33 049] isr        1618 ASR_MSG_GRSLT,   local  
[2010/01/01 00:04:33 097] isr        1297 0  nil  2  
[2010/01/01 00:04:33 564] isr        1618 ASR_MSG_GRSLT,   local  
[2010/01/01 00:04:33 610] isr        1297 0  nil  2  
[2010/01/01 00:04:33 960] isr        1618 ASR_MSG_GRSLT,   local  
[2010/01/01 00:04:34 002] isr        1297 0  nil  2  
[2010/01/01 00:04:34 376] isr        1618 ASR_MSG_GRSLT,   local  
[2010/01/01 00:04:34 434] isr        1297 0  nil  2  
[2010/01/01 00:04:34 858] isr        1618 ASR_MSG_GRSLT,   local  
[2010/01/01 00:04:34 890] isr        1297 0  nil  2  
[2010/01/01 00:04:35 099] isr        759  local_cbmsg_handler  ,msg=  404  param1=  nil  
[2010/01/01 00:04:35 785] isr        1618 ASR_MSG_GRSLT,   local  
[2010/01/01 00:04:35 846] isr        1297 0  nil  2  
[2010/01/01 00:04:35 998] isr        759  local_cbmsg_handler  ,msg=  406  param1=  nil  
[2010/01/01 00:04:36 272] isr        1618 ASR_MSG_GRSLT,   local  
[2010/01/01 00:04:36 343] isr        1297 0  nil  2  
[2010/01/01 00:04:36 676] isr        1618 ASR_MSG_GRSLT,   local  
[2010/01/01 00:04:36 714] isr        1297 0  nil  2  
[2010/01/01 00:04:36 940] isr        759  local_cbmsg_handler  ,msg=  407  param1=  udata(f2be0104) 
[2010/01/01 00:04:36 994] isr        661  process_result call:  local  udata(f2be0104) 76  2  
[2010/01/01 00:04:37 192] isr        759  local_cbmsg_handler  ,msg=  408  param1=  nil  
[2010/01/01 00:04:37 239] isr        774  local session recognized end!  
[2010/01/01 00:04:37 349] isr        1618 ASR_MSG_GRSLT,   local  
[2010/01/01 00:04:37 376] isr        1297 0  udata(f2be0104) 5  
[2010/01/01 00:04:37 724] isr        1621 ASR_MSG_SSE,   local  
[2010/01/01 00:04:37 758] isr        1346 session_end() [in]  
[2010/01/01 00:04:37 787] isr        1367 local_session_end() [in]  
[2010/01/01 00:04:37 973] isr        1404 ASR_LOCAL_MSG_SSE net_type  nil  
[2010/01/01 00:04:38 333] isr        1649 isr unload!  
============================================================
Time  2010/01/01 00:04:41 148 
============================================================
[2010/01/01 00:04:41 149] isr        1641 isr loaded!  
[2010/01/01 00:04:41 260] isr        1624 SYS_MSG_REGCB param0 =   msp_status_cb  param1 =   func(f2b711f0) 
[2010/01/01 00:04:41 419] isr        1525 ASR_MSG_SSB  
[2010/01/01 00:04:41 450] isr        1070 session_begin() [in], params:   engine_type = local, asr_res_path = fo|res/asr/common.jet, sample_rate = 16000, grm_build_path = res/asr/GrmBuilld, local_grammar = cmd, result_type = xml, result_encoding = UTF-8, Í£	À  nil  
[2010/01/01 00:04:41 491] isr        938  vad_set [in]  
[2010/01/01 00:04:41 523] isr        973  vad_enable :  true  
[2010/01/01 00:04:41 549] isr        991  vad_bos :  10000  
[2010/01/01 00:04:41 576] isr        992  vad_eos :  2000  
[2010/01/01 00:04:41 619] isr        897  enable_vad [in]  
[2010/01/01 00:04:41 818] isr        929  vad enabled!  2000  10000  
[2010/01/01 00:04:41 846] isr        932  enable_vad [out]  
[2010/01/01 00:04:41 879] isr        998  vad_set [out] | ret =  0  
[2010/01/01 00:04:41 908] isr        1174 cur_engine_type =   local  
[2010/01/01 00:04:41 937] isr        1003 local_session_begin  
[2010/01/01 00:04:42 694] isr        1535 ASR_MSG_AUW,   local  
[2010/01/01 00:04:42 789] isr        1546 6400  1  
[2010/01/01 00:04:43 026] isr        1550 once_bytes:   6400  
[2010/01/01 00:04:43 404] isr        1535 ASR_MSG_AUW,   local  
[2010/01/01 00:04:43 556] isr        1546 6400  2  
[2010/01/01 00:04:43 913] isr        1535 ASR_MSG_AUW,   local  
[2010/01/01 00:04:44 016] isr        1546 6400  2  
[2010/01/01 00:04:45 052] isr        1535 ASR_MSG_AUW,   local  
[2010/01/01 00:04:45 108] isr        1546 6400  2  
[2010/01/01 00:04:45 368] isr        1535 ASR_MSG_AUW,   local  
[2010/01/01 00:04:45 439] isr        1546 6400  2  
[2010/01/01 00:04:46 289] isr        1535 ASR_MSG_AUW,   local  
[2010/01/01 00:04:46 471] isr        1546 6400  2  
[2010/01/01 00:04:48 245] isr        845  [aud] speech start  
[2010/01/01 00:04:48 679] isr        1535 ASR_MSG_AUW,   local  
[2010/01/01 00:04:48 717] isr        1546 6400  2  
[2010/01/01 00:04:49 151] isr        1535 ASR_MSG_AUW,   local  
[2010/01/01 00:04:49 229] isr        1546 6400  2  
[2010/01/01 00:04:50 271] isr        1535 ASR_MSG_AUW,   local  
[2010/01/01 00:04:50 301] isr        1546 6400  2  
[2010/01/01 00:04:51 451] isr        1535 ASR_MSG_AUW,   local  
[2010/01/01 00:04:51 516] isr        1546 6400  2  
[2010/01/01 00:04:51 846] isr        1535 ASR_MSG_AUW,   local  
[2010/01/01 00:04:51 892] isr        1546 6400  2  
[2010/01/01 00:04:52 189] isr        1535 ASR_MSG_AUW,   local  
[2010/01/01 00:04:52 233] isr        1546 6400  2  
[2010/01/01 00:04:52 455] isr        1535 ASR_MSG_AUW,   local  
[2010/01/01 00:04:52 537] isr        1546 6400  2  
[2010/01/01 00:04:53 899] isr        1535 ASR_MSG_AUW,   local  
[2010/01/01 00:04:53 963] isr        1546 6400  2  
[2010/01/01 00:04:54 766] isr        1535 ASR_MSG_AUW,   local  
[2010/01/01 00:04:54 835] isr        1546 6400  2  
[2010/01/01 00:04:55 182] isr        1535 ASR_MSG_AUW,   local  
[2010/01/01 00:04:55 207] isr        1546 0  4  
[2010/01/01 00:04:55 234] isr        1579 aud end, USER  
[2010/01/01 00:04:56 617] isr        759  local_cbmsg_handler  ,msg=  404  param1=  nil  
[2010/01/01 00:04:57 972] isr        855  [aud] speech end  
[2010/01/01 00:04:58 431] isr        759  local_cbmsg_handler  ,msg=  406  param1=  nil  
[2010/01/01 00:04:58 575] isr        759  local_cbmsg_handler  ,msg=  407  param1=  udata(f2b712a4) 
[2010/01/01 00:04:58 605] isr        661  process_result call:  local  udata(f2b712a4) 30  2  
[2010/01/01 00:04:58 695] isr        759  local_cbmsg_handler  ,msg=  408  param1=  nil  
[2010/01/01 00:04:58 723] isr        774  local session recognized end!  
[2010/01/01 00:04:58 838] isr        1618 ASR_MSG_GRSLT,   local  
[2010/01/01 00:04:58 867] isr        1297 0  udata(f2b712a4) 5  
[2010/01/01 00:04:59 154] isr        1621 ASR_MSG_SSE,   local  
[2010/01/01 00:04:59 175] isr        1346 session_end() [in]  
[2010/01/01 00:04:59 202] isr        1367 local_session_end() [in]  
[2010/01/01 00:04:59 337] isr        1404 ASR_LOCAL_MSG_SSE net_type  nil  
[2010/01/01 00:04:59 546] isr        1649 isr unload!  
============================================================
Time  2010/01/01 00:05:02 520 
============================================================
[2010/01/01 00:05:02 523] isr        1641 isr loaded!  
[2010/01/01 00:05:02 611] isr        1624 SYS_MSG_REGCB param0 =   msp_status_cb  param1 =   func(9a99cb0) 
[2010/01/01 00:05:02 749] isr        1525 ASR_MSG_SSB  
[2010/01/01 00:05:02 800] isr        1070 session_begin() [in], params:   engine_type = local, asr_res_path = fo|res/asr/common.jet, sample_rate = 16000, grm_build_path = res/asr/GrmBuilld, local_grammar = cmd, result_type = xml, result_encoding = UTF-8, Í£	À  nil  
[2010/01/01 00:05:02 827] isr        938  vad_set [in]  
[2010/01/01 00:05:02 859] isr        973  vad_enable :  true  
[2010/01/01 00:05:02 888] isr        991  vad_bos :  10000  
[2010/01/01 00:05:02 926] isr        992  vad_eos :  2000  
[2010/01/01 00:05:02 949] isr        897  enable_vad [in]  
[2010/01/01 00:05:03 129] isr        929  vad enabled!  2000  10000  
[2010/01/01 00:05:03 172] isr        932  enable_vad [out]  
[2010/01/01 00:05:03 203] isr        998  vad_set [out] | ret =  0  
[2010/01/01 00:05:03 234] isr        1174 cur_engine_type =   local  
[2010/01/01 00:05:03 278] isr        1003 local_session_begin  
[2010/01/01 00:05:04 022] isr        1535 ASR_MSG_AUW,   local  
[2010/01/01 00:05:04 124] isr        1546 6400  1  
[2010/01/01 00:05:04 264] isr        1550 once_bytes:   6400  
[2010/01/01 00:05:04 734] isr        1535 ASR_MSG_AUW,   local  
[2010/01/01 00:05:04 771] isr        1546 6400  2  
[2010/01/01 00:05:05 364] isr        1535 ASR_MSG_AUW,   local  
[2010/01/01 00:05:05 511] isr        1546 6400  2  
[2010/01/01 00:05:06 327] isr        1535 ASR_MSG_AUW,   local  
[2010/01/01 00:05:06 458] isr        1546 6400  2  
[2010/01/01 00:05:07 086] isr        1535 ASR_MSG_AUW,   local  
[2010/01/01 00:05:07 142] isr        1546 6400  2  
[2010/01/01 00:05:08 479] isr        845  [aud] speech start  
[2010/01/01 00:05:08 921] isr        1535 ASR_MSG_AUW,   local  
[2010/01/01 00:05:08 961] isr        1546 6400  2  
[2010/01/01 00:05:09 418] isr        1535 ASR_MSG_AUW,   local  
[2010/01/01 00:05:09 449] isr        1546 6400  2  
[2010/01/01 00:05:09 647] isr        1535 ASR_MSG_AUW,   local  
[2010/01/01 00:05:09 792] isr        1546 6400  2  
[2010/01/01 00:05:10 925] isr        1535 ASR_MSG_AUW,   local  
[2010/01/01 00:05:10 984] isr        1546 6400  2  
[2010/01/01 00:05:11 395] isr        1535 ASR_MSG_AUW,   local  
[2010/01/01 00:05:11 426] isr        1546 6400  2  
[2010/01/01 00:05:11 740] isr        1535 ASR_MSG_AUW,   local  
[2010/01/01 00:05:11 764] isr        1546 6400  2  
[2010/01/01 00:05:12 063] isr        1535 ASR_MSG_AUW,   local  
[2010/01/01 00:05:12 093] isr        1546 6400  2  
[2010/01/01 00:05:13 491] isr        1535 ASR_MSG_AUW,   local  
[2010/01/01 00:05:13 545] isr        1546 6400  2  
[2010/01/01 00:05:14 017] isr        1535 ASR_MSG_AUW,   local  
[2010/01/01 00:05:14 062] isr        1546 6400  2  
[2010/01/01 00:05:14 351] isr        1535 ASR_MSG_AUW,   local  
[2010/01/01 00:05:14 380] isr        1546 6400  2  
[2010/01/01 00:05:14 659] isr        1535 ASR_MSG_AUW,   local  
[2010/01/01 00:05:14 711] isr        1546 0  4  
[2010/01/01 00:05:14 737] isr        1579 aud end, USER  
[2010/01/01 00:05:17 017] isr        759  local_cbmsg_handler  ,msg=  404  param1=  nil  
[2010/01/01 00:05:18 552] isr        855  [aud] speech end  
[2010/01/01 00:05:19 044] isr        759  local_cbmsg_handler  ,msg=  406  param1=  nil  
[2010/01/01 00:05:19 152] isr        759  local_cbmsg_handler  ,msg=  407  param1=  udata(9a92d64) 
[2010/01/01 00:05:19 177] isr        661  process_result call:  local  udata(9a92d64) 55  2  
[2010/01/01 00:05:19 281] isr        759  local_cbmsg_handler  ,msg=  408  param1=  nil  
[2010/01/01 00:05:19 306] isr        774  local session recognized end!  
[2010/01/01 00:05:19 397] isr        1618 ASR_MSG_GRSLT,   local  
[2010/01/01 00:05:19 440] isr        1297 0  udata(9a92d64) 5  
[2010/01/01 00:05:19 725] isr        1621 ASR_MSG_SSE,   local  
[2010/01/01 00:05:19 749] isr        1346 session_end() [in]  
[2010/01/01 00:05:19 776] isr        1367 local_session_end() [in]  
[2010/01/01 00:05:19 929] isr        1404 ASR_LOCAL_MSG_SSE net_type  nil  
[2010/01/01 00:05:20 242] isr        1649 isr unload!  
============================================================
Time  2010/01/01 00:05:23 194 
============================================================
[2010/01/01 00:05:23 198] isr        1641 isr loaded!  
[2010/01/01 00:05:23 299] isr        1624 SYS_MSG_REGCB param0 =   msp_status_cb  param1 =   func(9a40710) 
[2010/01/01 00:05:23 465] isr        1525 ASR_MSG_SSB  
[2010/01/01 00:05:23 490] isr        1070 session_begin() [in], params:   engine_type = local, asr_res_path = fo|res/asr/common.jet, sample_rate = 16000, grm_build_path = res/asr/GrmBuilld, local_grammar = cmd, result_type = xml, result_encoding = UTF-8, Í£	À  nil  
[2010/01/01 00:05:23 516] isr        938  vad_set [in]  
[2010/01/01 00:05:23 543] isr        973  vad_enable :  true  
[2010/01/01 00:05:23 567] isr        991  vad_bos :  10000  
[2010/01/01 00:05:23 596] isr        992  vad_eos :  2000  
[2010/01/01 00:05:23 641] isr        897  enable_vad [in]  
[2010/01/01 00:05:23 857] isr        929  vad enabled!  2000  10000  
[2010/01/01 00:05:23 883] isr        932  enable_vad [out]  
[2010/01/01 00:05:23 908] isr        998  vad_set [out] | ret =  0  
[2010/01/01 00:05:23 942] isr        1174 cur_engine_type =   local  
[2010/01/01 00:05:23 977] isr        1003 local_session_begin  
[2010/01/01 00:05:25 081] isr        1535 ASR_MSG_AUW,   local  
[2010/01/01 00:05:25 202] isr        1546 6400  1  
[2010/01/01 00:05:25 245] isr        1550 once_bytes:   6400  
[2010/01/01 00:05:25 653] isr        1535 ASR_MSG_AUW,   local  
[2010/01/01 00:05:25 764] isr        1546 6400  2  
[2010/01/01 00:05:26 818] isr        1535 ASR_MSG_AUW,   local  
[2010/01/01 00:05:26 967] isr        1546 6400  2  
[2010/01/01 00:05:27 389] isr        1535 ASR_MSG_AUW,   local  
[2010/01/01 00:05:27 488] isr        1546 6400  2  
[2010/01/01 00:05:27 869] isr        1535 ASR_MSG_AUW,   local  
[2010/01/01 00:05:27 948] isr        1546 6400  2  
[2010/01/01 00:05:28 378] isr        1535 ASR_MSG_AUW,   local  
[2010/01/01 00:05:28 414] isr        1546 6400  2  
[2010/01/01 00:05:28 780] isr        1535 ASR_MSG_AUW,   local  
[2010/01/01 00:05:28 810] isr        1546 6400  2  
[2010/01/01 00:05:29 100] isr        1535 ASR_MSG_AUW,   local  
[2010/01/01 00:05:29 129] isr        1546 6400  2  
[2010/01/01 00:05:30 966] isr        845  [aud] speech start  
[2010/01/01 00:05:31 311] isr        1535 ASR_MSG_AUW,   local  
[2010/01/01 00:05:31 338] isr        1546 6400  2  
[2010/01/01 00:05:31 793] isr        1535 ASR_MSG_AUW,   local  
[2010/01/01 00:05:31 844] isr        1546 6400  2  
[2010/01/01 00:05:32 677] isr        1535 ASR_MSG_AUW,   local  
[2010/01/01 00:05:32 710] isr        1546 6400  2  
[2010/01/01 00:05:33 364] isr        1535 ASR_MSG_AUW,   local  
[2010/01/01 00:05:33 421] isr        1546 6400  2  
[2010/01/01 00:05:33 861] isr        1535 ASR_MSG_AUW,   local  
[2010/01/01 00:05:33 914] isr        1546 6400  2  
[2010/01/01 00:05:34 256] isr        1535 ASR_MSG_AUW,   local  
[2010/01/01 00:05:34 296] isr        1546 6400  2  
[2010/01/01 00:05:34 520] isr        1535 ASR_MSG_AUW,   local  
[2010/01/01 00:05:34 532] isr        1546 6400  2  
[2010/01/01 00:05:35 961] isr        1535 ASR_MSG_AUW,   local  
[2010/01/01 00:05:36 004] isr        1546 0  4  
[2010/01/01 00:05:36 027] isr        1579 aud end, USER  
[2010/01/01 00:05:37 755] isr        759  local_cbmsg_handler  ,msg=  404  param1=  nil  
[2010/01/01 00:05:37 836] isr        855  [aud] speech end  
[2010/01/01 00:05:37 992] isr        759  local_cbmsg_handler  ,msg=  406  param1=  nil  
[2010/01/01 00:05:38 033] isr        759  local_cbmsg_handler  ,msg=  407  param1=  udata(9b05324) 
[2010/01/01 00:05:38 044] isr        661  process_result call:  local  udata(9b05324) 18  2  
[2010/01/01 00:05:38 080] isr        759  local_cbmsg_handler  ,msg=  408  param1=  nil  
[2010/01/01 00:05:38 091] isr        774  local session recognized end!  
[2010/01/01 00:05:38 128] isr        1618 ASR_MSG_GRSLT,   local  
[2010/01/01 00:05:38 145] isr        1297 0  udata(9b05324) 5  
[2010/01/01 00:05:38 330] isr        1621 ASR_MSG_SSE,   local  
[2010/01/01 00:05:38 353] isr        1346 session_end() [in]  
[2010/01/01 00:05:38 364] isr        1367 local_session_end() [in]  
[2010/01/01 00:05:38 429] isr        1404 ASR_LOCAL_MSG_SSE net_type  nil  
[2010/01/01 00:05:38 555] isr        1649 isr unload!  
============================================================
Time  2010/01/01 00:05:41 548 
============================================================
[2010/01/01 00:05:41 548] isr        1641 isr loaded!  
[2010/01/01 00:05:41 591] isr        1624 SYS_MSG_REGCB param0 =   msp_status_cb  param1 =   func(9a907f0) 
[2010/01/01 00:05:41 658] isr        1525 ASR_MSG_SSB  
[2010/01/01 00:05:41 671] isr        1070 session_begin() [in], params:   engine_type = local, asr_res_path = fo|res/asr/common.jet, sample_rate = 16000, grm_build_path = res/asr/GrmBuilld, local_grammar = cmd, result_type = xml, result_encoding = UTF-8, Í£	À  nil  
[2010/01/01 00:05:41 693] isr        938  vad_set [in]  
[2010/01/01 00:05:41 713] isr        973  vad_enable :  true  
[2010/01/01 00:05:41 728] isr        991  vad_bos :  10000  
[2010/01/01 00:05:41 741] isr        992  vad_eos :  2000  
[2010/01/01 00:05:41 754] isr        897  enable_vad [in]  
[2010/01/01 00:05:41 847] isr        929  vad enabled!  2000  10000  
[2010/01/01 00:05:41 863] isr        932  enable_vad [out]  
[2010/01/01 00:05:41 879] isr        998  vad_set [out] | ret =  0  
[2010/01/01 00:05:41 894] isr        1174 cur_engine_type =   local  
[2010/01/01 00:05:41 916] isr        1003 local_session_begin  
[2010/01/01 00:05:42 328] isr        1535 ASR_MSG_AUW,   local  
[2010/01/01 00:05:42 528] isr        1546 6400  1  
[2010/01/01 00:05:42 630] isr        1550 once_bytes:   6400  
[2010/01/01 00:05:43 168] isr        1535 ASR_MSG_AUW,   local  
[2010/01/01 00:05:43 260] isr        1546 6400  2  
[2010/01/01 00:05:43 617] isr        1535 ASR_MSG_AUW,   local  
[2010/01/01 00:05:43 670] isr        1546 6400  2  
[2010/01/01 00:05:43 903] isr        1535 ASR_MSG_AUW,   local  
[2010/01/01 00:05:43 940] isr        1546 6400  2  
[2010/01/01 00:05:44 074] isr        1535 ASR_MSG_AUW,   local  
[2010/01/01 00:05:44 101] isr        1546 6400  2  
[2010/01/01 00:05:44 261] isr        1535 ASR_MSG_AUW,   local  
[2010/01/01 00:05:44 294] isr        1546 6400  2  
[2010/01/01 00:05:44 478] isr        1535 ASR_MSG_AUW,   local  
[2010/01/01 00:05:44 495] isr        1546 6400  2  
[2010/01/01 00:05:44 607] isr        1535 ASR_MSG_AUW,   local  
[2010/01/01 00:05:44 638] isr        1546 6400  2  
[2010/01/01 00:05:44 753] isr        1535 ASR_MSG_AUW,   local  
[2010/01/01 00:05:44 789] isr        1546 6400  2  
[2010/01/01 00:05:44 894] isr        1535 ASR_MSG_AUW,   local  
[2010/01/01 00:05:44 907] isr        1546 6400  2  
[2010/01/01 00:05:45 851] isr        845  [aud] speech start  
[2010/01/01 00:05:46 007] isr        1535 ASR_MSG_AUW,   local  
[2010/01/01 00:05:46 027] isr        1546 6400  2  
[2010/01/01 00:05:46 173] isr        1535 ASR_MSG_AUW,   local  
[2010/01/01 00:05:46 227] isr        1546 6400  2  
[2010/01/01 00:05:46 334] isr        1535 ASR_MSG_AUW,   local  
[2010/01/01 00:05:46 379] isr        1546 6400  2  
[2010/01/01 00:05:46 488] isr        1535 ASR_MSG_AUW,   local  
[2010/01/01 00:05:46 546] isr        1546 6400  2  
[2010/01/01 00:05:46 643] isr        1535 ASR_MSG_AUW,   local  
[2010/01/01 00:05:46 686] isr        1546 6400  2  
[2010/01/01 00:05:46 791] isr        1535 ASR_MSG_AUW,   local  
[2010/01/01 00:05:46 810] isr        1546 0  4  
[2010/01/01 00:05:46 836] isr        1579 aud end, USER  
[2010/01/01 00:05:48 124] isr        855  [aud] speech end  
[2010/01/01 00:05:48 285] isr        759  local_cbmsg_handler  ,msg=  404  param1=  nil  
[2010/01/01 00:05:48 347] isr        1618 ASR_MSG_GRSLT,   local  
[2010/01/01 00:05:48 377] isr        1297 0  nil  2  
[2010/01/01 00:05:48 580] isr        1618 ASR_MSG_GRSLT,   local  
[2010/01/01 00:05:48 605] isr        1297 0  nil  2  
[2010/01/01 00:05:48 808] isr        1618 ASR_MSG_GRSLT,   local  
[2010/01/01 00:05:48 825] isr        1297 0  nil  2  
[2010/01/01 00:05:49 052] isr        1618 ASR_MSG_GRSLT,   local  
[2010/01/01 00:05:49 082] isr        1297 0  nil  2  
[2010/01/01 00:05:49 421] isr        759  local_cbmsg_handler  ,msg=  406  param1=  nil  
[2010/01/01 00:05:49 465] isr        1618 ASR_MSG_GRSLT,   local  
[2010/01/01 00:05:49 493] isr        1297 0  nil  2  
[2010/01/01 00:05:49 652] isr        759  local_cbmsg_handler  ,msg=  407  param1=  udata(9a90a64) 
[2010/01/01 00:05:49 689] isr        661  process_result call:  local  udata(9a90a64) 0  2  
[2010/01/01 00:05:49 762] isr        759  local_cbmsg_handler  ,msg=  408  param1=  nil  
[2010/01/01 00:05:49 773] isr        774  local session recognized end!  
[2010/01/01 00:05:49 827] isr        1618 ASR_MSG_GRSLT,   local  
[2010/01/01 00:05:49 843] isr        1297 0  udata(9a90a64) 5  
[2010/01/01 00:05:50 038] isr        1621 ASR_MSG_SSE,   local  
[2010/01/01 00:05:50 052] isr        1346 session_end() [in]  
[2010/01/01 00:05:50 067] isr        1367 local_session_end() [in]  
[2010/01/01 00:05:50 148] isr        1404 ASR_LOCAL_MSG_SSE net_type  nil  
[2010/01/01 00:05:50 249] isr        1649 isr unload!  
============================================================
Time  2024/11/09 11:26:12 082 
============================================================
[2024/11/09 11:26:12 083] isr        1641 isr loaded!  
[2024/11/09 11:26:12 128] isr        1624 SYS_MSG_REGCB param0 =   msp_status_cb  param1 =   func(f2bf1c30) 
[2024/11/09 11:26:12 197] isr        1525 ASR_MSG_SSB  
[2024/11/09 11:26:12 212] isr        1070 session_begin() [in], params:   engine_type = local, asr_res_path = fo|res/asr/common.jet, sample_rate = 16000, grm_build_path = res/asr/GrmBuilld, local_grammar = cmd, result_type = xml, result_encoding = UTF-8, Í£	À  nil  
[2024/11/09 11:26:12 231] isr        938  vad_set [in]  
[2024/11/09 11:26:12 242] isr        973  vad_enable :  true  
[2024/11/09 11:26:12 257] isr        991  vad_bos :  10000  
[2024/11/09 11:26:12 269] isr        992  vad_eos :  2000  
[2024/11/09 11:26:12 279] isr        897  enable_vad [in]  
[2024/11/09 11:26:12 347] isr        929  vad enabled!  2000  10000  
[2024/11/09 11:26:12 358] isr        932  enable_vad [out]  
[2024/11/09 11:26:12 368] isr        998  vad_set [out] | ret =  0  
[2024/11/09 11:26:12 378] isr        1174 cur_engine_type =   local  
[2024/11/09 11:26:12 389] isr        1003 local_session_begin  
[2024/11/09 11:26:12 915] isr        1535 ASR_MSG_AUW,   local  
[2024/11/09 11:26:12 976] isr        1546 6400  1  
[2024/11/09 11:26:13 060] isr        1550 once_bytes:   6400  
[2024/11/09 11:26:13 313] isr        1535 ASR_MSG_AUW,   local  
[2024/11/09 11:26:13 352] isr        1546 6400  2  
[2024/11/09 11:26:13 475] isr        1535 ASR_MSG_AUW,   local  
[2024/11/09 11:26:13 825] isr        1546 6400  2  
[2024/11/09 11:26:13 939] isr        1535 ASR_MSG_AUW,   local  
[2024/11/09 11:26:13 981] isr        1546 6400  2  
[2024/11/09 11:26:14 225] isr        1535 ASR_MSG_AUW,   local  
[2024/11/09 11:26:14 286] isr        1546 6400  2  
[2024/11/09 11:26:14 576] isr        1535 ASR_MSG_AUW,   local  
[2024/11/09 11:26:14 622] isr        1546 6400  2  
[2024/11/09 11:26:14 820] isr        1535 ASR_MSG_AUW,   local  
[2024/11/09 11:26:14 849] isr        1546 6400  2  
[2024/11/09 11:26:15 064] isr        1535 ASR_MSG_AUW,   local  
[2024/11/09 11:26:15 092] isr        1546 6400  2  
[2024/11/09 11:26:15 322] isr        1535 ASR_MSG_AUW,   local  
[2024/11/09 11:26:15 418] isr        1546 6400  2  
[2024/11/09 11:26:15 579] isr        1535 ASR_MSG_AUW,   local  
[2024/11/09 11:26:15 646] isr        1546 6400  2  
[2024/11/09 11:26:15 746] isr        1535 ASR_MSG_AUW,   local  
[2024/11/09 11:26:15 808] isr        1546 6400  2  
[2024/11/09 11:26:17 494] isr        845  [aud] speech start  
[2024/11/09 11:26:17 844] isr        1535 ASR_MSG_AUW,   local  
[2024/11/09 11:26:17 973] isr        1546 6400  2  
[2024/11/09 11:26:18 113] isr        1535 ASR_MSG_AUW,   local  
[2024/11/09 11:26:18 307] isr        1546 6400  2  
[2024/11/09 11:26:19 050] isr        1535 ASR_MSG_AUW,   local  
[2024/11/09 11:26:19 166] isr        1546 6400  2  
[2024/11/09 11:26:19 405] isr        1535 ASR_MSG_AUW,   local  
[2024/11/09 11:26:19 578] isr        1546 6400  2  
[2024/11/09 11:26:19 743] isr        1535 ASR_MSG_AUW,   local  
[2024/11/09 11:26:19 865] isr        1546 0  4  
[2024/11/09 11:26:19 940] isr        1579 aud end, USER  
[2024/11/09 11:26:22 640] isr        855  [aud] speech end  
[2024/11/09 11:26:22 923] isr        759  local_cbmsg_handler  ,msg=  404  param1=  nil  
[2024/11/09 11:26:22 999] isr        1618 ASR_MSG_GRSLT,   local  
[2024/11/09 11:26:23 027] isr        1297 0  nil  2  
[2024/11/09 11:26:23 279] isr        1618 ASR_MSG_GRSLT,   local  
[2024/11/09 11:26:23 400] isr        1297 0  nil  2  
[2024/11/09 11:26:23 495] isr        759  local_cbmsg_handler  ,msg=  406  param1=  nil  
[2024/11/09 11:26:23 596] isr        1618 ASR_MSG_GRSLT,   local  
[2024/11/09 11:26:23 631] isr        1297 0  nil  2  
[2024/11/09 11:26:23 760] isr        759  local_cbmsg_handler  ,msg=  407  param1=  udata(f53c1e94) 
[2024/11/09 11:26:23 774] isr        661  process_result call:  local  udata(f53c1e94) 42  2  
[2024/11/09 11:26:23 855] isr        759  local_cbmsg_handler  ,msg=  408  param1=  nil  
[2024/11/09 11:26:23 869] isr        774  local session recognized end!  
[2024/11/09 11:26:23 910] isr        1618 ASR_MSG_GRSLT,   local  
[2024/11/09 11:26:23 930] isr        1297 0  udata(f53c1e94) 5  
[2024/11/09 11:26:24 122] isr        1621 ASR_MSG_SSE,   local  
[2024/11/09 11:26:24 135] isr        1346 session_end() [in]  
[2024/11/09 11:26:24 150] isr        1367 local_session_end() [in]  
[2024/11/09 11:26:24 221] isr        1404 ASR_LOCAL_MSG_SSE net_type  nil  
[2024/11/09 11:26:24 427] isr        1649 isr unload!  
============================================================
Time  2024/11/09 11:26:52 546 
============================================================
[2024/11/09 11:26:52 546] isr        1641 isr loaded!  
[2024/11/09 11:26:52 574] isr        1624 SYS_MSG_REGCB param0 =   msp_status_cb  param1 =   func(9a41870) 
[2024/11/09 11:26:52 638] isr        1525 ASR_MSG_SSB  
[2024/11/09 11:26:52 651] isr        1070 session_begin() [in], params:   engine_type = local, asr_res_path = fo|res/asr/common.jet, sample_rate = 16000, grm_build_path = res/asr/GrmBuilld, local_grammar = cmd, result_type = xml, result_encoding = UTF-8, Í£	À  nil  
[2024/11/09 11:26:52 669] isr        938  vad_set [in]  
[2024/11/09 11:26:52 680] isr        973  vad_enable :  true  
[2024/11/09 11:26:52 690] isr        991  vad_bos :  10000  
[2024/11/09 11:26:52 701] isr        992  vad_eos :  2000  
[2024/11/09 11:26:52 712] isr        897  enable_vad [in]  
[2024/11/09 11:26:52 791] isr        929  vad enabled!  2000  10000  
[2024/11/09 11:26:52 803] isr        932  enable_vad [out]  
[2024/11/09 11:26:52 820] isr        998  vad_set [out] | ret =  0  
[2024/11/09 11:26:52 832] isr        1174 cur_engine_type =   local  
[2024/11/09 11:26:52 843] isr        1003 local_session_begin  
[2024/11/09 11:26:53 175] isr        1535 ASR_MSG_AUW,   local  
[2024/11/09 11:26:53 236] isr        1546 6400  1  
[2024/11/09 11:26:53 290] isr        1550 once_bytes:   6400  
[2024/11/09 11:26:53 488] isr        1535 ASR_MSG_AUW,   local  
[2024/11/09 11:26:53 552] isr        1546 6400  2  
[2024/11/09 11:26:53 719] isr        1535 ASR_MSG_AUW,   local  
[2024/11/09 11:26:53 738] isr        1546 6400  2  
[2024/11/09 11:26:53 948] isr        1535 ASR_MSG_AUW,   local  
[2024/11/09 11:26:54 048] isr        1546 6400  2  
[2024/11/09 11:26:54 120] isr        1535 ASR_MSG_AUW,   local  
[2024/11/09 11:26:54 162] isr        1546 6400  2  
[2024/11/09 11:26:54 287] isr        1535 ASR_MSG_AUW,   local  
[2024/11/09 11:26:54 306] isr        1546 6400  2  
[2024/11/09 11:26:54 411] isr        1535 ASR_MSG_AUW,   local  
[2024/11/09 11:26:54 431] isr        1546 6400  2  
[2024/11/09 11:26:54 616] isr        1535 ASR_MSG_AUW,   local  
[2024/11/09 11:26:54 660] isr        1546 6400  2  
[2024/11/09 11:26:54 778] isr        1535 ASR_MSG_AUW,   local  
[2024/11/09 11:26:54 793] isr        1546 6400  2  
[2024/11/09 11:26:55 601] isr        1535 ASR_MSG_AUW,   local  
[2024/11/09 11:26:55 626] isr        1546 6400  2  
[2024/11/09 11:26:55 710] isr        845  [aud] speech start  
[2024/11/09 11:26:55 917] isr        1535 ASR_MSG_AUW,   local  
[2024/11/09 11:26:55 937] isr        1546 6400  2  
[2024/11/09 11:26:56 045] isr        1535 ASR_MSG_AUW,   local  
[2024/11/09 11:26:56 085] isr        1546 6400  2  
[2024/11/09 11:26:56 307] isr        1535 ASR_MSG_AUW,   local  
[2024/11/09 11:26:56 344] isr        1546 6400  2  
[2024/11/09 11:26:56 447] isr        1535 ASR_MSG_AUW,   local  
[2024/11/09 11:26:56 464] isr        1546 6400  2  
[2024/11/09 11:26:56 594] isr        1535 ASR_MSG_AUW,   local  
[2024/11/09 11:26:56 631] isr        1546 6400  2  
[2024/11/09 11:26:57 406] isr        1535 ASR_MSG_AUW,   local  
[2024/11/09 11:26:57 427] isr        1546 0  4  
[2024/11/09 11:26:57 452] isr        1579 aud end, USER  
[2024/11/09 11:26:58 306] isr        855  [aud] speech end  
[2024/11/09 11:26:58 461] isr        1618 ASR_MSG_GRSLT,   local  
[2024/11/09 11:26:58 506] isr        1297 0  nil  2  
[2024/11/09 11:26:58 744] isr        1618 ASR_MSG_GRSLT,   local  
[2024/11/09 11:26:58 760] isr        1297 0  nil  2  
[2024/11/09 11:26:58 965] isr        1618 ASR_MSG_GRSLT,   local  
[2024/11/09 11:26:58 979] isr        1297 0  nil  2  
[2024/11/09 11:26:59 212] isr        1618 ASR_MSG_GRSLT,   local  
[2024/11/09 11:26:59 235] isr        1297 0  nil  2  
[2024/11/09 11:26:59 483] isr        1618 ASR_MSG_GRSLT,   local  
[2024/11/09 11:26:59 520] isr        1297 0  nil  2  
[2024/11/09 11:26:59 763] isr        1618 ASR_MSG_GRSLT,   local  
[2024/11/09 11:26:59 788] isr        1297 0  nil  2  
[2024/11/09 11:26:59 940] isr        759  local_cbmsg_handler  ,msg=  404  param1=  nil  
[2024/11/09 11:27:00 079] isr        759  local_cbmsg_handler  ,msg=  406  param1=  nil  
[2024/11/09 11:27:00 178] isr        1618 ASR_MSG_GRSLT,   local  
[2024/11/09 11:27:00 224] isr        1297 0  nil  2  
[2024/11/09 11:27:00 376] isr        759  local_cbmsg_handler  ,msg=  407  param1=  udata(9a43864) 
[2024/11/09 11:27:00 395] isr        661  process_result call:  local  udata(9a43864) 0  2  
[2024/11/09 11:27:00 469] isr        1618 ASR_MSG_GRSLT,   local  
[2024/11/09 11:27:00 491] isr        1297 0  udata(9a43864) 5  
[2024/11/09 11:27:00 579] isr        759  local_cbmsg_handler  ,msg=  408  param1=  nil  
[2024/11/09 11:27:00 604] isr        774  local session recognized end!  
[2024/11/09 11:27:00 703] isr        1621 ASR_MSG_SSE,   local  
[2024/11/09 11:27:00 716] isr        1346 session_end() [in]  
[2024/11/09 11:27:00 730] isr        1367 local_session_end() [in]  
[2024/11/09 11:27:00 807] isr        1404 ASR_LOCAL_MSG_SSE net_type  nil  
[2024/11/09 11:27:00 939] isr        1649 isr unload!  
============================================================
Time  2024/11/09 11:27:03 942 
============================================================
[2024/11/09 11:27:03 942] isr        1641 isr loaded!  
[2024/11/09 11:27:03 984] isr        1624 SYS_MSG_REGCB param0 =   msp_status_cb  param1 =   func(f2b91020) 
[2024/11/09 11:27:04 060] isr        1525 ASR_MSG_SSB  
[2024/11/09 11:27:04 075] isr        1070 session_begin() [in], params:   engine_type = local, asr_res_path = fo|res/asr/common.jet, sample_rate = 16000, grm_build_path = res/asr/GrmBuilld, local_grammar = cmd, result_type = xml, result_encoding = UTF-8, Í£	À  nil  
[2024/11/09 11:27:04 104] isr        938  vad_set [in]  
[2024/11/09 11:27:04 119] isr        973  vad_enable :  true  
[2024/11/09 11:27:04 133] isr        991  vad_bos :  10000  
[2024/11/09 11:27:04 146] isr        992  vad_eos :  2000  
[2024/11/09 11:27:04 159] isr        897  enable_vad [in]  
[2024/11/09 11:27:04 257] isr        929  vad enabled!  2000  10000  
[2024/11/09 11:27:04 272] isr        932  enable_vad [out]  
[2024/11/09 11:27:04 286] isr        998  vad_set [out] | ret =  0  
[2024/11/09 11:27:04 302] isr        1174 cur_engine_type =   local  
[2024/11/09 11:27:04 325] isr        1003 local_session_begin  
[2024/11/09 11:27:04 722] isr        1535 ASR_MSG_AUW,   local  
[2024/11/09 11:27:04 757] isr        1546 6400  1  
[2024/11/09 11:27:04 804] isr        1550 once_bytes:   6400  
[2024/11/09 11:27:04 917] isr        1535 ASR_MSG_AUW,   local  
[2024/11/09 11:27:05 003] isr        1546 6400  2  
[2024/11/09 11:27:05 140] isr        1535 ASR_MSG_AUW,   local  
[2024/11/09 11:27:05 263] isr        1546 6400  2  
[2024/11/09 11:27:05 640] isr        1535 ASR_MSG_AUW,   local  
[2024/11/09 11:27:05 668] isr        1546 6400  2  
[2024/11/09 11:27:06 132] isr        1535 ASR_MSG_AUW,   local  
[2024/11/09 11:27:06 146] isr        1546 6400  2  
[2024/11/09 11:27:06 268] isr        1535 ASR_MSG_AUW,   local  
[2024/11/09 11:27:06 288] isr        1546 6400  2  
[2024/11/09 11:27:06 413] isr        1535 ASR_MSG_AUW,   local  
[2024/11/09 11:27:06 426] isr        1546 6400  2  
[2024/11/09 11:27:07 359] isr        845  [aud] speech start  
[2024/11/09 11:27:07 802] isr        1535 ASR_MSG_AUW,   local  
[2024/11/09 11:27:07 820] isr        1546 6400  2  
[2024/11/09 11:27:08 349] isr        1535 ASR_MSG_AUW,   local  
[2024/11/09 11:27:08 368] isr        1546 6400  2  
[2024/11/09 11:27:08 532] isr        1535 ASR_MSG_AUW,   local  
[2024/11/09 11:27:08 552] isr        1546 6400  2  
[2024/11/09 11:27:08 700] isr        1535 ASR_MSG_AUW,   local  
[2024/11/09 11:27:08 716] isr        1546 6400  2  
[2024/11/09 11:27:09 399] isr        1535 ASR_MSG_AUW,   local  
[2024/11/09 11:27:09 428] isr        1546 6400  2  
[2024/11/09 11:27:09 591] isr        1535 ASR_MSG_AUW,   local  
[2024/11/09 11:27:09 608] isr        1546 6400  2  
[2024/11/09 11:27:09 743] isr        1535 ASR_MSG_AUW,   local  
[2024/11/09 11:27:09 766] isr        1546 6400  2  
[2024/11/09 11:27:09 887] isr        1535 ASR_MSG_AUW,   local  
[2024/11/09 11:27:09 903] isr        1546 6400  2  
[2024/11/09 11:27:10 038] isr        1535 ASR_MSG_AUW,   local  
[2024/11/09 11:27:10 052] isr        1546 0  4  
[2024/11/09 11:27:10 066] isr        1579 aud end, USER  
[2024/11/09 11:27:11 149] isr        759  local_cbmsg_handler  ,msg=  404  param1=  nil  
[2024/11/09 11:27:11 749] isr        855  [aud] speech end  
[2024/11/09 11:27:12 073] isr        759  local_cbmsg_handler  ,msg=  406  param1=  nil  
[2024/11/09 11:27:12 136] isr        759  local_cbmsg_handler  ,msg=  407  param1=  udata(f2b95ae4) 
[2024/11/09 11:27:12 164] isr        661  process_result call:  local  udata(f2b95ae4) 0  2  
[2024/11/09 11:27:12 227] isr        759  local_cbmsg_handler  ,msg=  408  param1=  nil  
[2024/11/09 11:27:12 252] isr        774  local session recognized end!  
[2024/11/09 11:27:12 329] isr        1618 ASR_MSG_GRSLT,   local  
[2024/11/09 11:27:12 346] isr        1297 0  udata(f2b95ae4) 5  
[2024/11/09 11:27:12 567] isr        1621 ASR_MSG_SSE,   local  
[2024/11/09 11:27:12 583] isr        1346 session_end() [in]  
[2024/11/09 11:27:12 600] isr        1367 local_session_end() [in]  
[2024/11/09 11:27:12 695] isr        1404 ASR_LOCAL_MSG_SSE net_type  nil  
[2024/11/09 11:27:12 818] isr        1649 isr unload!  
============================================================
Time  2024/11/09 11:27:15 856 
============================================================
[2024/11/09 11:27:15 857] isr        1641 isr loaded!  
[2024/11/09 11:27:15 939] isr        1624 SYS_MSG_REGCB param0 =   msp_status_cb  param1 =   func(f2bf7b60) 
[2024/11/09 11:27:16 099] isr        1525 ASR_MSG_SSB  
[2024/11/09 11:27:16 120] isr        1070 session_begin() [in], params:   engine_type = local, asr_res_path = fo|res/asr/common.jet, sample_rate = 16000, grm_build_path = res/asr/GrmBuilld, local_grammar = cmd, result_type = xml, result_encoding = UTF-8, Í£	À  nil  
[2024/11/09 11:27:16 154] isr        938  vad_set [in]  
[2024/11/09 11:27:16 173] isr        973  vad_enable :  true  
[2024/11/09 11:27:16 194] isr        991  vad_bos :  10000  
[2024/11/09 11:27:16 214] isr        992  vad_eos :  2000  
[2024/11/09 11:27:16 236] isr        897  enable_vad [in]  
[2024/11/09 11:27:16 364] isr        929  vad enabled!  2000  10000  
[2024/11/09 11:27:16 384] isr        932  enable_vad [out]  
[2024/11/09 11:27:16 417] isr        998  vad_set [out] | ret =  0  
[2024/11/09 11:27:16 439] isr        1174 cur_engine_type =   local  
[2024/11/09 11:27:16 465] isr        1003 local_session_begin  
[2024/11/09 11:27:16 907] isr        1535 ASR_MSG_AUW,   local  
[2024/11/09 11:27:17 503] isr        1546 6400  1  
[2024/11/09 11:27:17 576] isr        1550 once_bytes:   6400  
[2024/11/09 11:27:17 962] isr        1535 ASR_MSG_AUW,   local  
[2024/11/09 11:27:17 988] isr        1546 6400  2  
[2024/11/09 11:27:18 153] isr        1535 ASR_MSG_AUW,   local  
[2024/11/09 11:27:18 180] isr        1546 6400  2  
[2024/11/09 11:27:18 348] isr        1535 ASR_MSG_AUW,   local  
[2024/11/09 11:27:18 436] isr        1546 6400  2  
[2024/11/09 11:27:18 552] isr        1535 ASR_MSG_AUW,   local  
[2024/11/09 11:27:18 592] isr        1546 6400  2  
[2024/11/09 11:27:18 749] isr        1535 ASR_MSG_AUW,   local  
[2024/11/09 11:27:18 772] isr        1546 6400  2  
[2024/11/09 11:27:18 898] isr        1535 ASR_MSG_AUW,   local  
[2024/11/09 11:27:18 919] isr        1546 6400  2  
[2024/11/09 11:27:19 015] isr        1535 ASR_MSG_AUW,   local  
[2024/11/09 11:27:19 040] isr        1546 6400  2  
[2024/11/09 11:27:19 135] isr        1535 ASR_MSG_AUW,   local  
[2024/11/09 11:27:19 187] isr        1546 6400  2  
[2024/11/09 11:27:19 292] isr        1535 ASR_MSG_AUW,   local  
[2024/11/09 11:27:19 314] isr        1546 6400  2  
[2024/11/09 11:27:19 427] isr        1535 ASR_MSG_AUW,   local  
[2024/11/09 11:27:19 449] isr        1546 6400  2  
[2024/11/09 11:27:19 582] isr        1535 ASR_MSG_AUW,   local  
[2024/11/09 11:27:19 609] isr        1546 6400  2  
[2024/11/09 11:27:19 699] isr        1535 ASR_MSG_AUW,   local  
[2024/11/09 11:27:19 724] isr        1546 6400  2  
[2024/11/09 11:27:19 831] isr        1535 ASR_MSG_AUW,   local  
[2024/11/09 11:27:19 856] isr        1546 6400  2  
[2024/11/09 11:27:19 972] isr        1535 ASR_MSG_AUW,   local  
[2024/11/09 11:27:19 992] isr        1546 6400  2  
[2024/11/09 11:27:20 130] isr        1535 ASR_MSG_AUW,   local  
[2024/11/09 11:27:20 152] isr        1546 0  4  
[2024/11/09 11:27:20 166] isr        1579 aud end, USER  
[2024/11/09 11:27:21 435] isr        845  [aud] speech start  
[2024/11/09 11:27:23 430] isr        855  [aud] speech end  
[2024/11/09 11:27:23 759] isr        1618 ASR_MSG_GRSLT,   local  
[2024/11/09 11:27:23 776] isr        1297 0  nil  2  
[2024/11/09 11:27:24 053] isr        1618 ASR_MSG_GRSLT,   local  
[2024/11/09 11:27:24 081] isr        1297 0  nil  2  
[2024/11/09 11:27:24 316] isr        1618 ASR_MSG_GRSLT,   local  
[2024/11/09 11:27:24 347] isr        1297 0  nil  2  
[2024/11/09 11:27:24 583] isr        1618 ASR_MSG_GRSLT,   local  
[2024/11/09 11:27:24 625] isr        1297 0  nil  2  
[2024/11/09 11:27:24 750] isr        759  local_cbmsg_handler  ,msg=  404  param1=  nil  
[2024/11/09 11:27:24 862] isr        1618 ASR_MSG_GRSLT,   local  
[2024/11/09 11:27:24 891] isr        1297 0  nil  2  
[2024/11/09 11:27:25 117] isr        1618 ASR_MSG_GRSLT,   local  
[2024/11/09 11:27:25 143] isr        1297 0  nil  2  
[2024/11/09 11:27:25 272] isr        759  local_cbmsg_handler  ,msg=  406  param1=  nil  
[2024/11/09 11:27:25 362] isr        1618 ASR_MSG_GRSLT,   local  
[2024/11/09 11:27:25 383] isr        1297 0  nil  2  
[2024/11/09 11:27:25 526] isr        759  local_cbmsg_handler  ,msg=  407  param1=  udata(9a86ae4) 
[2024/11/09 11:27:25 575] isr        661  process_result call:  local  udata(9a86ae4) 1  2  
[2024/11/09 11:27:25 641] isr        759  local_cbmsg_handler  ,msg=  408  param1=  nil  
[2024/11/09 11:27:25 655] isr        774  local session recognized end!  
[2024/11/09 11:27:25 696] isr        1618 ASR_MSG_GRSLT,   local  
[2024/11/09 11:27:25 715] isr        1297 0  udata(9a86ae4) 5  
[2024/11/09 11:27:25 910] isr        1621 ASR_MSG_SSE,   local  
[2024/11/09 11:27:25 925] isr        1346 session_end() [in]  
[2024/11/09 11:27:25 938] isr        1367 local_session_end() [in]  
[2024/11/09 11:27:26 022] isr        1404 ASR_LOCAL_MSG_SSE net_type  nil  
[2024/11/09 11:27:26 106] isr        1649 isr unload!  
============================================================
Time  2024/11/09 11:27:29 094 
============================================================
[2024/11/09 11:27:29 095] isr        1641 isr loaded!  
[2024/11/09 11:27:29 135] isr        1624 SYS_MSG_REGCB param0 =   msp_status_cb  param1 =   func(f2b7c830) 
[2024/11/09 11:27:29 192] isr        1525 ASR_MSG_SSB  
[2024/11/09 11:27:29 204] isr        1070 session_begin() [in], params:   engine_type = local, asr_res_path = fo|res/asr/common.jet, sample_rate = 16000, grm_build_path = res/asr/GrmBuilld, local_grammar = cmd, result_type = xml, result_encoding = UTF-8, Í£	À  nil  
[2024/11/09 11:27:29 215] isr        938  vad_set [in]  
[2024/11/09 11:27:29 226] isr        973  vad_enable :  true  
[2024/11/09 11:27:29 238] isr        991  vad_bos :  10000  
[2024/11/09 11:27:29 258] isr        992  vad_eos :  2000  
[2024/11/09 11:27:29 272] isr        897  enable_vad [in]  
[2024/11/09 11:27:29 354] isr        929  vad enabled!  2000  10000  
[2024/11/09 11:27:29 367] isr        932  enable_vad [out]  
[2024/11/09 11:27:29 381] isr        998  vad_set [out] | ret =  0  
[2024/11/09 11:27:29 402] isr        1174 cur_engine_type =   local  
[2024/11/09 11:27:29 414] isr        1003 local_session_begin  
[2024/11/09 11:27:30 197] isr        1535 ASR_MSG_AUW,   local  
[2024/11/09 11:27:30 311] isr        1546 6400  1  
[2024/11/09 11:27:30 359] isr        1550 once_bytes:   6400  
[2024/11/09 11:27:30 738] isr        1535 ASR_MSG_AUW,   local  
[2024/11/09 11:27:30 826] isr        1546 6400  2  
[2024/11/09 11:27:31 438] isr        1535 ASR_MSG_AUW,   local  
[2024/11/09 11:27:31 516] isr        1546 6400  2  
[2024/11/09 11:27:31 912] isr        1535 ASR_MSG_AUW,   local  
[2024/11/09 11:27:31 931] isr        1546 6400  2  
[2024/11/09 11:27:32 066] isr        1535 ASR_MSG_AUW,   local  
[2024/11/09 11:27:32 088] isr        1546 6400  2  
[2024/11/09 11:27:32 265] isr        1535 ASR_MSG_AUW,   local  
[2024/11/09 11:27:32 427] isr        1546 6400  2  
[2024/11/09 11:27:32 761] isr        1535 ASR_MSG_AUW,   local  
[2024/11/09 11:27:32 825] isr        1546 6400  2  
[2024/11/09 11:27:32 977] isr        1535 ASR_MSG_AUW,   local  
[2024/11/09 11:27:33 005] isr        1546 6400  2  
[2024/11/09 11:27:33 188] isr        1535 ASR_MSG_AUW,   local  
[2024/11/09 11:27:33 203] isr        1546 6400  2  
[2024/11/09 11:27:33 334] isr        1535 ASR_MSG_AUW,   local  
[2024/11/09 11:27:33 348] isr        1546 6400  2  
[2024/11/09 11:27:33 438] isr        1535 ASR_MSG_AUW,   local  
[2024/11/09 11:27:33 477] isr        1546 6400  2  
[2024/11/09 11:27:33 612] isr        1535 ASR_MSG_AUW,   local  
[2024/11/09 11:27:33 627] isr        1546 6400  2  
[2024/11/09 11:27:34 971] isr        845  [aud] speech start  
[2024/11/09 11:27:35 157] isr        1535 ASR_MSG_AUW,   local  
[2024/11/09 11:27:35 179] isr        1546 6400  2  
[2024/11/09 11:27:35 373] isr        1535 ASR_MSG_AUW,   local  
[2024/11/09 11:27:35 394] isr        1546 6400  2  
[2024/11/09 11:27:35 617] isr        1535 ASR_MSG_AUW,   local  
[2024/11/09 11:27:35 629] isr        1546 6400  2  
[2024/11/09 11:27:35 807] isr        1535 ASR_MSG_AUW,   local  
[2024/11/09 11:27:35 829] isr        1546 0  4  
[2024/11/09 11:27:35 844] isr        1579 aud end, USER  
[2024/11/09 11:27:37 343] isr        759  local_cbmsg_handler  ,msg=  404  param1=  nil  
[2024/11/09 11:27:37 624] isr        855  [aud] speech end  
[2024/11/09 11:27:37 801] isr        759  local_cbmsg_handler  ,msg=  406  param1=  nil  
[2024/11/09 11:27:37 843] isr        759  local_cbmsg_handler  ,msg=  407  param1=  udata(f2b82064) 
[2024/11/09 11:27:37 856] isr        661  process_result call:  local  udata(f2b82064) 3  2  
[2024/11/09 11:27:37 903] isr        759  local_cbmsg_handler  ,msg=  408  param1=  nil  
[2024/11/09 11:27:37 917] isr        774  local session recognized end!  
[2024/11/09 11:27:37 964] isr        1618 ASR_MSG_GRSLT,   local  
[2024/11/09 11:27:37 978] isr        1297 0  udata(f2b82064) 5  
[2024/11/09 11:27:38 167] isr        1621 ASR_MSG_SSE,   local  
[2024/11/09 11:27:38 186] isr        1346 session_end() [in]  
[2024/11/09 11:27:38 199] isr        1367 local_session_end() [in]  
[2024/11/09 11:27:38 275] isr        1404 ASR_LOCAL_MSG_SSE net_type  nil  
[2024/11/09 11:27:38 362] isr        1649 isr unload!  
============================================================
Time  2024/11/09 11:27:41 403 
============================================================
[2024/11/09 11:27:41 403] isr        1641 isr loaded!  
[2024/11/09 11:27:41 443] isr        1624 SYS_MSG_REGCB param0 =   msp_status_cb  param1 =   func(f2b71e00) 
[2024/11/09 11:27:41 518] isr        1525 ASR_MSG_SSB  
[2024/11/09 11:27:41 533] isr        1070 session_begin() [in], params:   engine_type = local, asr_res_path = fo|res/asr/common.jet, sample_rate = 16000, grm_build_path = res/asr/GrmBuilld, local_grammar = cmd, result_type = xml, result_encoding = UTF-8, Í£	À  nil  
[2024/11/09 11:27:41 561] isr        938  vad_set [in]  
[2024/11/09 11:27:41 578] isr        973  vad_enable :  true  
[2024/11/09 11:27:41 603] isr        991  vad_bos :  10000  
[2024/11/09 11:27:41 620] isr        992  vad_eos :  2000  
[2024/11/09 11:27:41 632] isr        897  enable_vad [in]  
[2024/11/09 11:27:41 721] isr        929  vad enabled!  2000  10000  
[2024/11/09 11:27:41 733] isr        932  enable_vad [out]  
[2024/11/09 11:27:41 748] isr        998  vad_set [out] | ret =  0  
[2024/11/09 11:27:41 770] isr        1174 cur_engine_type =   local  
[2024/11/09 11:27:41 785] isr        1003 local_session_begin  
[2024/11/09 11:27:42 190] isr        1535 ASR_MSG_AUW,   local  
[2024/11/09 11:27:42 232] isr        1546 6400  1  
[2024/11/09 11:27:42 329] isr        1550 once_bytes:   6400  
[2024/11/09 11:27:42 894] isr        1535 ASR_MSG_AUW,   local  
[2024/11/09 11:27:43 003] isr        1546 6400  2  
[2024/11/09 11:27:43 216] isr        1535 ASR_MSG_AUW,   local  
[2024/11/09 11:27:43 377] isr        1546 6400  2  
[2024/11/09 11:27:43 847] isr        1535 ASR_MSG_AUW,   local  
[2024/11/09 11:27:43 887] isr        1546 6400  2  
[2024/11/09 11:27:43 995] isr        1535 ASR_MSG_AUW,   local  
[2024/11/09 11:27:44 018] isr        1546 6400  2  
[2024/11/09 11:27:44 149] isr        1535 ASR_MSG_AUW,   local  
[2024/11/09 11:27:44 212] isr        1546 6400  2  
[2024/11/09 11:27:44 301] isr        1535 ASR_MSG_AUW,   local  
[2024/11/09 11:27:44 357] isr        1546 6400  2  
[2024/11/09 11:27:44 480] isr        1535 ASR_MSG_AUW,   local  
[2024/11/09 11:27:44 497] isr        1546 6400  2  
[2024/11/09 11:27:45 534] isr        1535 ASR_MSG_AUW,   local  
[2024/11/09 11:27:45 585] isr        1546 6400  2  
[2024/11/09 11:27:45 745] isr        1535 ASR_MSG_AUW,   local  
[2024/11/09 11:27:45 798] isr        1546 6400  2  
[2024/11/09 11:27:45 940] isr        1535 ASR_MSG_AUW,   local  
[2024/11/09 11:27:45 954] isr        1546 6400  2  
[2024/11/09 11:27:46 121] isr        845  [aud] speech start  
[2024/11/09 11:27:46 594] isr        1535 ASR_MSG_AUW,   local  
[2024/11/09 11:27:46 657] isr        1546 6400  2  
[2024/11/09 11:27:46 828] isr        1535 ASR_MSG_AUW,   local  
[2024/11/09 11:27:46 858] isr        1546 6400  2  
[2024/11/09 11:27:46 975] isr        1535 ASR_MSG_AUW,   local  
[2024/11/09 11:27:47 031] isr        1546 6400  2  
[2024/11/09 11:27:47 106] isr        1535 ASR_MSG_AUW,   local  
[2024/11/09 11:27:47 162] isr        1546 6400  2  
[2024/11/09 11:27:47 241] isr        1535 ASR_MSG_AUW,   local  
[2024/11/09 11:27:47 301] isr        1546 0  4  
[2024/11/09 11:27:47 314] isr        1579 aud end, USER  
[2024/11/09 11:27:49 008] isr        759  local_cbmsg_handler  ,msg=  404  param1=  nil  
[2024/11/09 11:27:49 441] isr        855  [aud] speech end  
[2024/11/09 11:27:49 642] isr        759  local_cbmsg_handler  ,msg=  406  param1=  nil  
[2024/11/09 11:27:49 681] isr        759  local_cbmsg_handler  ,msg=  407  param1=  udata(9af7c54) 
[2024/11/09 11:27:49 691] isr        661  process_result call:  local  udata(9af7c54) 1  2  
[2024/11/09 11:27:49 727] isr        759  local_cbmsg_handler  ,msg=  408  param1=  nil  
[2024/11/09 11:27:49 739] isr        774  local session recognized end!  
[2024/11/09 11:27:49 779] isr        1618 ASR_MSG_GRSLT,   local  
[2024/11/09 11:27:49 791] isr        1297 0  udata(9af7c54) 5  
[2024/11/09 11:27:49 985] isr        1621 ASR_MSG_SSE,   local  
[2024/11/09 11:27:50 000] isr        1346 session_end() [in]  
[2024/11/09 11:27:50 015] isr        1367 local_session_end() [in]  
[2024/11/09 11:27:50 089] isr        1404 ASR_LOCAL_MSG_SSE net_type  nil  
[2024/11/09 11:27:50 180] isr        1649 isr unload!  
============================================================
Time  2024/11/09 11:27:53 195 
============================================================
[2024/11/09 11:27:53 195] isr        1641 isr loaded!  
[2024/11/09 11:27:53 227] isr        1624 SYS_MSG_REGCB param0 =   msp_status_cb  param1 =   func(f2ba09a0) 
[2024/11/09 11:27:53 305] isr        1525 ASR_MSG_SSB  
[2024/11/09 11:27:53 320] isr        1070 session_begin() [in], params:   engine_type = local, asr_res_path = fo|res/asr/common.jet, sample_rate = 16000, grm_build_path = res/asr/GrmBuilld, local_grammar = cmd, result_type = xml, result_encoding = UTF-8, Í£	À  nil  
[2024/11/09 11:27:53 341] isr        938  vad_set [in]  
[2024/11/09 11:27:53 364] isr        973  vad_enable :  true  
[2024/11/09 11:27:53 378] isr        991  vad_bos :  10000  
[2024/11/09 11:27:53 391] isr        992  vad_eos :  2000  
[2024/11/09 11:27:53 409] isr        897  enable_vad [in]  
[2024/11/09 11:27:53 491] isr        929  vad enabled!  2000  10000  
[2024/11/09 11:27:53 503] isr        932  enable_vad [out]  
[2024/11/09 11:27:53 513] isr        998  vad_set [out] | ret =  0  
[2024/11/09 11:27:53 523] isr        1174 cur_engine_type =   local  
[2024/11/09 11:27:53 534] isr        1003 local_session_begin  
[2024/11/09 11:27:53 843] isr        1535 ASR_MSG_AUW,   local  
[2024/11/09 11:27:53 866] isr        1546 6400  1  
[2024/11/09 11:27:53 897] isr        1550 once_bytes:   6400  
[2024/11/09 11:27:54 231] isr        1535 ASR_MSG_AUW,   local  
[2024/11/09 11:27:54 278] isr        1546 6400  2  
[2024/11/09 11:27:54 596] isr        1535 ASR_MSG_AUW,   local  
[2024/11/09 11:27:54 833] isr        1546 6400  2  
[2024/11/09 11:27:54 966] isr        1535 ASR_MSG_AUW,   local  
[2024/11/09 11:27:55 037] isr        1546 6400  2  
[2024/11/09 11:27:55 892] isr        1535 ASR_MSG_AUW,   local  
[2024/11/09 11:27:55 919] isr        1546 6400  2  
[2024/11/09 11:27:56 111] isr        845  [aud] speech start  
[2024/11/09 11:27:56 486] isr        1535 ASR_MSG_AUW,   local  
[2024/11/09 11:27:56 510] isr        1546 6400  2  
[2024/11/09 11:27:56 723] isr        1535 ASR_MSG_AUW,   local  
[2024/11/09 11:27:56 742] isr        1546 6400  2  
[2024/11/09 11:27:56 903] isr        1535 ASR_MSG_AUW,   local  
[2024/11/09 11:27:56 925] isr        1546 6400  2  
[2024/11/09 11:27:57 063] isr        1535 ASR_MSG_AUW,   local  
[2024/11/09 11:27:57 079] isr        1546 6400  2  
[2024/11/09 11:27:57 224] isr        1535 ASR_MSG_AUW,   local  
[2024/11/09 11:27:57 239] isr        1546 6400  2  
[2024/11/09 11:27:57 967] isr        1535 ASR_MSG_AUW,   local  
[2024/11/09 11:27:58 001] isr        1546 6400  2  
[2024/11/09 11:27:58 130] isr        1535 ASR_MSG_AUW,   local  
[2024/11/09 11:27:58 175] isr        1546 6400  2  
[2024/11/09 11:27:58 588] isr        1535 ASR_MSG_AUW,   local  
[2024/11/09 11:27:58 613] isr        1546 6400  2  
[2024/11/09 11:27:58 795] isr        1535 ASR_MSG_AUW,   local  
[2024/11/09 11:27:58 856] isr        1546 6400  2  
[2024/11/09 11:27:58 995] isr        1535 ASR_MSG_AUW,   local  
[2024/11/09 11:27:59 043] isr        1546 6400  2  
[2024/11/09 11:27:59 248] isr        1535 ASR_MSG_AUW,   local  
[2024/11/09 11:27:59 308] isr        1546 0  4  
[2024/11/09 11:27:59 363] isr        1579 aud end, USER  
[2024/11/09 11:28:00 781] isr        855  [aud] speech end  
[2024/11/09 11:28:01 380] isr        759  local_cbmsg_handler  ,msg=  404  param1=  nil  
[2024/11/09 11:28:01 478] isr        759  local_cbmsg_handler  ,msg=  406  param1=  nil  
[2024/11/09 11:28:01 620] isr        759  local_cbmsg_handler  ,msg=  nil  param1=  nil  
[2024/11/09 11:28:01 720] isr        759  local_cbmsg_handler  ,msg=  nil  param1=  nil  
[2024/11/09 11:28:01 814] isr        759  local_cbmsg_handler  ,msg=  nil  param1=  nil  
[2024/11/09 11:28:01 860] isr        759  local_cbmsg_handler  ,msg=  nil  param1=  nil  
[2024/11/09 11:28:01 980] isr        759  local_cbmsg_handler  ,msg=  nil  param1=  nil  
[2024/11/09 11:28:02 035] isr        759  local_cbmsg_handler  ,msg=  nil  param1=  nil  
[2024/11/09 11:28:02 126] isr        759  local_cbmsg_handler  ,msg=  nil  param1=  nil  
[2024/11/09 11:28:02 231] isr        759  local_cbmsg_handler  ,msg=  nil  param1=  nil  
[2024/11/09 11:28:02 274] isr        759  local_cbmsg_handler  ,msg=  nil  param1=  nil  
[2024/11/09 11:28:02 428] isr        759  local_cbmsg_handler  ,msg=  nil  param1=  nil  
[2024/11/09 11:28:02 565] isr        759  local_cbmsg_handler  ,msg=  nil  param1=  nil  
[2024/11/09 11:28:02 685] isr        759  local_cbmsg_handler  ,msg=  nil  param1=  nil  
[2024/11/09 11:28:02 942] isr        759  local_cbmsg_handler  ,msg=  nil  param1=  nil  
[2024/11/09 11:28:02 994] isr        759  local_cbmsg_handler  ,msg=  nil  param1=  nil  
[2024/11/09 11:28:03 134] isr        759  local_cbmsg_handler  ,msg=  nil  param1=  nil  
[2024/11/09 11:28:03 338] isr        759  local_cbmsg_handler  ,msg=  nil  param1=  nil  
[2024/11/09 11:28:03 494] isr        759  local_cbmsg_handler  ,msg=  nil  param1=  nil  
[2024/11/09 11:28:03 637] isr        759  local_cbmsg_handler  ,msg=  nil  param1=  nil  
[2024/11/09 11:28:03 729] isr        759  local_cbmsg_handler  ,msg=  nil  param1=  nil  
[2024/11/09 11:28:03 771] isr        759  local_cbmsg_handler  ,msg=  nil  param1=  nil  
[2024/11/09 11:28:03 826] isr        759  local_cbmsg_handler  ,msg=  nil  param1=  nil  
[2024/11/09 11:28:03 895] isr        759  local_cbmsg_handler  ,msg=  nil  param1=  nil  
[2024/11/09 11:28:03 940] isr        759  local_cbmsg_handler  ,msg=  nil  param1=  nil  
[2024/11/09 11:28:03 982] isr        759  local_cbmsg_handler  ,msg=  nil  param1=  nil  
[2024/11/09 11:28:04 084] isr        759  local_cbmsg_handler  ,msg=  nil  param1=  nil  
[2024/11/09 11:28:04 172] isr        759  local_cbmsg_handler  ,msg=  nil  param1=  nil  
[2024/11/09 11:28:04 225] isr        759  local_cbmsg_handler  ,msg=  nil  param1=  nil  
[2024/11/09 11:28:04 270] isr        759  local_cbmsg_handler  ,msg=  nil  param1=  nil  
[2024/11/09 11:28:04 312] isr        759  local_cbmsg_handler  ,msg=  nil  param1=  nil  
[2024/11/09 11:28:04 358] isr        759  local_cbmsg_handler  ,msg=  nil  param1=  nil  
[2024/11/09 11:28:04 395] isr        759  local_cbmsg_handler  ,msg=  nil  param1=  nil  
[2024/11/09 11:28:04 441] isr        759  local_cbmsg_handler  ,msg=  nil  param1=  nil  
[2024/11/09 11:28:04 494] isr        759  local_cbmsg_handler  ,msg=  nil  param1=  nil  
[2024/11/09 11:28:04 535] isr        759  local_cbmsg_handler  ,msg=  nil  param1=  nil  
[2024/11/09 11:28:04 582] isr        759  local_cbmsg_handler  ,msg=  nil  param1=  nil  
[2024/11/09 11:28:04 621] isr        759  local_cbmsg_handler  ,msg=  nil  param1=  nil  
[2024/11/09 11:28:04 671] isr        759  local_cbmsg_handler  ,msg=  407  param1=  udata(f5d183d4) 
[2024/11/09 11:28:04 688] isr        661  process_result call:  local  udata(f5d183d4) 62  2  
[2024/11/09 11:28:04 735] isr        759  local_cbmsg_handler  ,msg=  408  param1=  nil  
[2024/11/09 11:28:04 752] isr        774  local session recognized end!  
[2024/11/09 11:28:04 794] isr        1618 ASR_MSG_GRSLT,   local  
[2024/11/09 11:28:04 811] isr        1297 0  udata(f5d183d4) 5  
[2024/11/09 11:28:05 044] isr        1621 ASR_MSG_SSE,   local  
[2024/11/09 11:28:05 058] isr        1346 session_end() [in]  
[2024/11/09 11:28:05 070] isr        1367 local_session_end() [in]  
[2024/11/09 11:28:05 153] isr        1404 ASR_LOCAL_MSG_SSE net_type  nil  
[2024/11/09 11:28:05 253] isr        1649 isr unload!  
============================================================
Time  2024/11/09 11:28:08 277 
============================================================
[2024/11/09 11:28:08 278] isr        1641 isr loaded!  
[2024/11/09 11:28:08 323] isr        1624 SYS_MSG_REGCB param0 =   msp_status_cb  param1 =   func(f2b73400) 
[2024/11/09 11:28:08 397] isr        1525 ASR_MSG_SSB  
[2024/11/09 11:28:08 412] isr        1070 session_begin() [in], params:   engine_type = local, asr_res_path = fo|res/asr/common.jet, sample_rate = 16000, grm_build_path = res/asr/GrmBuilld, local_grammar = cmd, result_type = xml, result_encoding = UTF-8, Í£	À  nil  
[2024/11/09 11:28:08 427] isr        938  vad_set [in]  
[2024/11/09 11:28:08 442] isr        973  vad_enable :  true  
[2024/11/09 11:28:08 460] isr        991  vad_bos :  10000  
[2024/11/09 11:28:08 487] isr        992  vad_eos :  2000  
[2024/11/09 11:28:08 508] isr        897  enable_vad [in]  
[2024/11/09 11:28:08 593] isr        929  vad enabled!  2000  10000  
[2024/11/09 11:28:08 605] isr        932  enable_vad [out]  
[2024/11/09 11:28:08 618] isr        998  vad_set [out] | ret =  0  
[2024/11/09 11:28:08 632] isr        1174 cur_engine_type =   local  
[2024/11/09 11:28:08 647] isr        1003 local_session_begin  
[2024/11/09 11:28:09 092] isr        1535 ASR_MSG_AUW,   local  
[2024/11/09 11:28:09 131] isr        1546 6400  1  
[2024/11/09 11:28:09 185] isr        1550 once_bytes:   6400  
[2024/11/09 11:28:09 476] isr        1535 ASR_MSG_AUW,   local  
[2024/11/09 11:28:09 560] isr        1546 6400  2  
[2024/11/09 11:28:09 936] isr        1535 ASR_MSG_AUW,   local  
[2024/11/09 11:28:09 955] isr        1546 6400  2  
[2024/11/09 11:28:10 105] isr        1535 ASR_MSG_AUW,   local  
[2024/11/09 11:28:10 186] isr        1546 6400  2  
[2024/11/09 11:28:10 318] isr        1535 ASR_MSG_AUW,   local  
[2024/11/09 11:28:10 368] isr        1546 6400  2  
[2024/11/09 11:28:10 437] isr        1535 ASR_MSG_AUW,   local  
[2024/11/09 11:28:10 489] isr        1546 6400  2  
[2024/11/09 11:28:10 563] isr        1535 ASR_MSG_AUW,   local  
[2024/11/09 11:28:10 622] isr        1546 6400  2  
[2024/11/09 11:28:10 709] isr        1535 ASR_MSG_AUW,   local  
[2024/11/09 11:28:10 757] isr        1546 6400  2  
[2024/11/09 11:28:10 829] isr        1535 ASR_MSG_AUW,   local  
[2024/11/09 11:28:10 875] isr        1546 6400  2  
[2024/11/09 11:28:10 946] isr        1535 ASR_MSG_AUW,   local  
[2024/11/09 11:28:11 009] isr        1546 6400  2  
[2024/11/09 11:28:11 091] isr        1535 ASR_MSG_AUW,   local  
[2024/11/09 11:28:11 139] isr        1546 6400  2  
[2024/11/09 11:28:12 495] isr        845  [aud] speech start  
[2024/11/09 11:28:12 599] isr        1535 ASR_MSG_AUW,   local  
[2024/11/09 11:28:12 623] isr        1546 6400  2  
[2024/11/09 11:28:12 694] isr        1535 ASR_MSG_AUW,   local  
[2024/11/09 11:28:12 720] isr        1546 6400  2  
[2024/11/09 11:28:12 821] isr        1535 ASR_MSG_AUW,   local  
[2024/11/09 11:28:12 871] isr        1546 6400  2  
[2024/11/09 11:28:13 006] isr        1535 ASR_MSG_AUW,   local  
[2024/11/09 11:28:13 087] isr        1546 6400  2  
[2024/11/09 11:28:13 175] isr        1535 ASR_MSG_AUW,   local  
[2024/11/09 11:28:13 204] isr        1546 0  4  
[2024/11/09 11:28:13 228] isr        1579 aud end, USER  
[2024/11/09 11:28:14 513] isr        855  [aud] speech end  
[2024/11/09 11:28:14 660] isr        759  local_cbmsg_handler  ,msg=  404  param1=  nil  
[2024/11/09 11:28:14 754] isr        1618 ASR_MSG_GRSLT,   local  
[2024/11/09 11:28:14 782] isr        1297 0  nil  2  
[2024/11/09 11:28:15 001] isr        1618 ASR_MSG_GRSLT,   local  
[2024/11/09 11:28:15 020] isr        1297 0  nil  2  
[2024/11/09 11:28:15 116] isr        759  local_cbmsg_handler  ,msg=  406  param1=  nil  
[2024/11/09 11:28:15 241] isr        1618 ASR_MSG_GRSLT,   local  
[2024/11/09 11:28:15 262] isr        1297 0  nil  2  
[2024/11/09 11:28:15 415] isr        759  local_cbmsg_handler  ,msg=  407  param1=  udata(f2b63994) 
[2024/11/09 11:28:15 472] isr        661  process_result call:  local  udata(f2b63994) 0  2  
[2024/11/09 11:28:15 508] isr        759  local_cbmsg_handler  ,msg=  408  param1=  nil  
[2024/11/09 11:28:15 520] isr        774  local session recognized end!  
[2024/11/09 11:28:15 555] isr        1618 ASR_MSG_GRSLT,   local  
[2024/11/09 11:28:15 571] isr        1297 0  udata(f2b63994) 5  
[2024/11/09 11:28:15 741] isr        1621 ASR_MSG_SSE,   local  
[2024/11/09 11:28:15 752] isr        1346 session_end() [in]  
[2024/11/09 11:28:15 765] isr        1367 local_session_end() [in]  
[2024/11/09 11:28:15 833] isr        1404 ASR_LOCAL_MSG_SSE net_type  nil  
[2024/11/09 11:28:15 970] isr        1649 isr unload!  
============================================================
Time  2024/11/09 11:28:18 954 
============================================================
[2024/11/09 11:28:18 954] isr        1641 isr loaded!  
[2024/11/09 11:28:18 986] isr        1624 SYS_MSG_REGCB param0 =   msp_status_cb  param1 =   func(f53415b0) 
[2024/11/09 11:28:19 047] isr        1525 ASR_MSG_SSB  
[2024/11/09 11:28:19 060] isr        1070 session_begin() [in], params:   engine_type = local, asr_res_path = fo|res/asr/common.jet, sample_rate = 16000, grm_build_path = res/asr/GrmBuilld, local_grammar = cmd, result_type = xml, result_encoding = UTF-8, Í£	À  nil  
[2024/11/09 11:28:19 074] isr        938  vad_set [in]  
[2024/11/09 11:28:19 086] isr        973  vad_enable :  true  
[2024/11/09 11:28:19 098] isr        991  vad_bos :  10000  
[2024/11/09 11:28:19 109] isr        992  vad_eos :  2000  
[2024/11/09 11:28:19 120] isr        897  enable_vad [in]  
[2024/11/09 11:28:19 204] isr        929  vad enabled!  2000  10000  
[2024/11/09 11:28:19 217] isr        932  enable_vad [out]  
[2024/11/09 11:28:19 230] isr        998  vad_set [out] | ret =  0  
[2024/11/09 11:28:19 247] isr        1174 cur_engine_type =   local  
[2024/11/09 11:28:19 257] isr        1003 local_session_begin  
[2024/11/09 11:28:19 647] isr        1535 ASR_MSG_AUW,   local  
[2024/11/09 11:28:19 662] isr        1546 6400  1  
[2024/11/09 11:28:19 707] isr        1550 once_bytes:   6400  
[2024/11/09 11:28:19 820] isr        1535 ASR_MSG_AUW,   local  
[2024/11/09 11:28:19 885] isr        1546 6400  2  
[2024/11/09 11:28:20 010] isr        1535 ASR_MSG_AUW,   local  
[2024/11/09 11:28:20 049] isr        1546 6400  2  
[2024/11/09 11:28:20 383] isr        1535 ASR_MSG_AUW,   local  
[2024/11/09 11:28:20 449] isr        1546 6400  2  
[2024/11/09 11:28:20 565] isr        1535 ASR_MSG_AUW,   local  
[2024/11/09 11:28:20 584] isr        1546 6400  2  
[2024/11/09 11:28:20 697] isr        1535 ASR_MSG_AUW,   local  
[2024/11/09 11:28:20 760] isr        1546 6400  2  
[2024/11/09 11:28:20 848] isr        1535 ASR_MSG_AUW,   local  
[2024/11/09 11:28:20 876] isr        1546 6400  2  
[2024/11/09 11:28:21 699] isr        845  [aud] speech start  
[2024/11/09 11:28:21 865] isr        1535 ASR_MSG_AUW,   local  
[2024/11/09 11:28:21 895] isr        1546 6400  2  
[2024/11/09 11:28:22 253] isr        1535 ASR_MSG_AUW,   local  
[2024/11/09 11:28:22 272] isr        1546 6400  2  
[2024/11/09 11:28:22 457] isr        1535 ASR_MSG_AUW,   local  
[2024/11/09 11:28:22 477] isr        1546 6400  2  
[2024/11/09 11:28:22 821] isr        1535 ASR_MSG_AUW,   local  
[2024/11/09 11:28:22 872] isr        1546 6400  2  
[2024/11/09 11:28:23 054] isr        1535 ASR_MSG_AUW,   local  
[2024/11/09 11:28:23 069] isr        1546 6400  2  
[2024/11/09 11:28:23 637] isr        1535 ASR_MSG_AUW,   local  
[2024/11/09 11:28:23 669] isr        1546 6400  2  
[2024/11/09 11:28:23 846] isr        1535 ASR_MSG_AUW,   local  
[2024/11/09 11:28:23 885] isr        1546 6400  2  
[2024/11/09 11:28:23 962] isr        1535 ASR_MSG_AUW,   local  
[2024/11/09 11:28:23 984] isr        1546 6400  2  
[2024/11/09 11:28:24 092] isr        1535 ASR_MSG_AUW,   local  
[2024/11/09 11:28:24 131] isr        1546 0  4  
[2024/11/09 11:28:24 145] isr        1579 aud end, USER  
[2024/11/09 11:28:24 680] isr        759  local_cbmsg_handler  ,msg=  404  param1=  nil  
[2024/11/09 11:28:24 874] isr        855  [aud] speech end  
[2024/11/09 11:28:25 017] isr        1618 ASR_MSG_GRSLT,   local  
[2024/11/09 11:28:25 058] isr        1297 0  nil  2  
[2024/11/09 11:28:25 321] isr        1618 ASR_MSG_GRSLT,   local  
[2024/11/09 11:28:25 334] isr        1297 0  nil  2  
[2024/11/09 11:28:25 527] isr        759  local_cbmsg_handler  ,msg=  406  param1=  nil  
[2024/11/09 11:28:25 618] isr        1618 ASR_MSG_GRSLT,   local  
[2024/11/09 11:28:25 647] isr        1297 0  nil  2  
[2024/11/09 11:28:25 799] isr        759  local_cbmsg_handler  ,msg=  407  param1=  udata(f2b70704) 
[2024/11/09 11:28:25 845] isr        661  process_result call:  local  udata(f2b70704) 0  2  
[2024/11/09 11:28:25 913] isr        759  local_cbmsg_handler  ,msg=  408  param1=  nil  
[2024/11/09 11:28:25 929] isr        774  local session recognized end!  
[2024/11/09 11:28:25 981] isr        1618 ASR_MSG_GRSLT,   local  
[2024/11/09 11:28:25 993] isr        1297 0  udata(f2b70704) 5  
[2024/11/09 11:28:26 177] isr        1621 ASR_MSG_SSE,   local  
[2024/11/09 11:28:26 190] isr        1346 session_end() [in]  
[2024/11/09 11:28:26 205] isr        1367 local_session_end() [in]  
[2024/11/09 11:28:26 284] isr        1404 ASR_LOCAL_MSG_SSE net_type  nil  
[2024/11/09 11:28:26 391] isr        1649 isr unload!  
============================================================
Time  2024/11/09 11:28:29 438 
============================================================
[2024/11/09 11:28:29 438] isr        1641 isr loaded!  
[2024/11/09 11:28:29 478] isr        1624 SYS_MSG_REGCB param0 =   msp_status_cb  param1 =   func(f2b84f70) 
[2024/11/09 11:28:29 538] isr        1525 ASR_MSG_SSB  
[2024/11/09 11:28:29 551] isr        1070 session_begin() [in], params:   engine_type = local, asr_res_path = fo|res/asr/common.jet, sample_rate = 16000, grm_build_path = res/asr/GrmBuilld, local_grammar = cmd, result_type = xml, result_encoding = UTF-8, Í£	À  nil  
[2024/11/09 11:28:29 572] isr        938  vad_set [in]  
[2024/11/09 11:28:29 588] isr        973  vad_enable :  true  
[2024/11/09 11:28:29 605] isr        991  vad_bos :  10000  
[2024/11/09 11:28:29 621] isr        992  vad_eos :  2000  
[2024/11/09 11:28:29 637] isr        897  enable_vad [in]  
[2024/11/09 11:28:29 720] isr        929  vad enabled!  2000  10000  
[2024/11/09 11:28:29 732] isr        932  enable_vad [out]  
[2024/11/09 11:28:29 745] isr        998  vad_set [out] | ret =  0  
[2024/11/09 11:28:29 757] isr        1174 cur_engine_type =   local  
[2024/11/09 11:28:29 771] isr        1003 local_session_begin  
[2024/11/09 11:28:30 122] isr        1535 ASR_MSG_AUW,   local  
[2024/11/09 11:28:30 162] isr        1546 6400  1  
[2024/11/09 11:28:30 218] isr        1550 once_bytes:   6400  
[2024/11/09 11:28:30 552] isr        1535 ASR_MSG_AUW,   local  
[2024/11/09 11:28:30 579] isr        1546 6400  2  
[2024/11/09 11:28:30 936] isr        1535 ASR_MSG_AUW,   local  
[2024/11/09 11:28:30 996] isr        1546 6400  2  
[2024/11/09 11:28:31 354] isr        1535 ASR_MSG_AUW,   local  
[2024/11/09 11:28:31 444] isr        1546 6400  2  
[2024/11/09 11:28:31 535] isr        1535 ASR_MSG_AUW,   local  
[2024/11/09 11:28:31 592] isr        1546 6400  2  
[2024/11/09 11:28:31 667] isr        1535 ASR_MSG_AUW,   local  
[2024/11/09 11:28:31 719] isr        1546 6400  2  
[2024/11/09 11:28:31 798] isr        1535 ASR_MSG_AUW,   local  
[2024/11/09 11:28:31 845] isr        1546 6400  2  
[2024/11/09 11:28:31 926] isr        1535 ASR_MSG_AUW,   local  
[2024/11/09 11:28:31 979] isr        1546 6400  2  
[2024/11/09 11:28:32 934] isr        845  [aud] speech start  
[2024/11/09 11:28:33 117] isr        1535 ASR_MSG_AUW,   local  
[2024/11/09 11:28:33 129] isr        1546 6400  2  
[2024/11/09 11:28:33 288] isr        1535 ASR_MSG_AUW,   local  
[2024/11/09 11:28:33 302] isr        1546 6400  2  
[2024/11/09 11:28:33 685] isr        1535 ASR_MSG_AUW,   local  
[2024/11/09 11:28:33 722] isr        1546 6400  2  
[2024/11/09 11:28:33 885] isr        1535 ASR_MSG_AUW,   local  
[2024/11/09 11:28:33 943] isr        1546 6400  2  
[2024/11/09 11:28:34 017] isr        1535 ASR_MSG_AUW,   local  
[2024/11/09 11:28:34 077] isr        1546 6400  2  
[2024/11/09 11:28:34 205] isr        1535 ASR_MSG_AUW,   local  
[2024/11/09 11:28:34 219] isr        1546 6400  2  
[2024/11/09 11:28:34 360] isr        1535 ASR_MSG_AUW,   local  
[2024/11/09 11:28:34 376] isr        1546 6400  2  
[2024/11/09 11:28:34 532] isr        1535 ASR_MSG_AUW,   local  
[2024/11/09 11:28:34 547] isr        1546 0  4  
[2024/11/09 11:28:34 563] isr        1579 aud end, USER  
[2024/11/09 11:28:35 708] isr        759  local_cbmsg_handler  ,msg=  404  param1=  nil  
[2024/11/09 11:28:36 398] isr        855  [aud] speech end  
[2024/11/09 11:28:36 521] isr        759  local_cbmsg_handler  ,msg=  406  param1=  nil  
[2024/11/09 11:28:36 570] isr        759  local_cbmsg_handler  ,msg=  407  param1=  udata(f2bf9ed4) 
[2024/11/09 11:28:36 588] isr        661  process_result call:  local  udata(f2bf9ed4) 0  2  
[2024/11/09 11:28:36 638] isr        759  local_cbmsg_handler  ,msg=  408  param1=  nil  
[2024/11/09 11:28:36 651] isr        774  local session recognized end!  
[2024/11/09 11:28:36 697] isr        1618 ASR_MSG_GRSLT,   local  
[2024/11/09 11:28:36 712] isr        1297 0  udata(f2bf9ed4) 5  
[2024/11/09 11:28:36 902] isr        1621 ASR_MSG_SSE,   local  
[2024/11/09 11:28:36 912] isr        1346 session_end() [in]  
[2024/11/09 11:28:36 922] isr        1367 local_session_end() [in]  
[2024/11/09 11:28:37 200] isr        1404 ASR_LOCAL_MSG_SSE net_type  nil  
[2024/11/09 11:28:37 365] isr        1649 isr unload!  
============================================================
Time  2024/11/09 11:28:40 108 
============================================================
[2024/11/09 11:28:40 109] isr        1641 isr loaded!  
[2024/11/09 11:28:40 151] isr        1624 SYS_MSG_REGCB param0 =   msp_status_cb  param1 =   func(f2b7f960) 
[2024/11/09 11:28:40 210] isr        1525 ASR_MSG_SSB  
[2024/11/09 11:28:40 223] isr        1070 session_begin() [in], params:   engine_type = local, asr_res_path = fo|res/asr/common.jet, sample_rate = 16000, grm_build_path = res/asr/GrmBuilld, local_grammar = cmd, result_type = xml, result_encoding = UTF-8, Í£	À  nil  
[2024/11/09 11:28:40 242] isr        938  vad_set [in]  
[2024/11/09 11:28:40 258] isr        973  vad_enable :  true  
[2024/11/09 11:28:40 271] isr        991  vad_bos :  10000  
[2024/11/09 11:28:40 285] isr        992  vad_eos :  2000  
[2024/11/09 11:28:40 306] isr        897  enable_vad [in]  
[2024/11/09 11:28:40 395] isr        929  vad enabled!  2000  10000  
[2024/11/09 11:28:40 408] isr        932  enable_vad [out]  
[2024/11/09 11:28:40 426] isr        998  vad_set [out] | ret =  0  
[2024/11/09 11:28:40 438] isr        1174 cur_engine_type =   local  
[2024/11/09 11:28:40 450] isr        1003 local_session_begin  
[2024/11/09 11:28:40 822] isr        1535 ASR_MSG_AUW,   local  
[2024/11/09 11:28:40 848] isr        1546 6400  1  
[2024/11/09 11:28:40 909] isr        1550 once_bytes:   6400  
[2024/11/09 11:28:41 050] isr        1535 ASR_MSG_AUW,   local  
[2024/11/09 11:28:41 099] isr        1546 6400  2  
[2024/11/09 11:28:41 503] isr        1535 ASR_MSG_AUW,   local  
[2024/11/09 11:28:41 552] isr        1546 6400  2  
[2024/11/09 11:28:41 942] isr        1535 ASR_MSG_AUW,   local  
[2024/11/09 11:28:41 959] isr        1546 6400  2  
[2024/11/09 11:28:42 215] isr        1535 ASR_MSG_AUW,   local  
[2024/11/09 11:28:42 238] isr        1546 6400  2  
[2024/11/09 11:28:42 344] isr        1535 ASR_MSG_AUW,   local  
[2024/11/09 11:28:42 366] isr        1546 6400  2  
[2024/11/09 11:28:42 466] isr        1535 ASR_MSG_AUW,   local  
[2024/11/09 11:28:42 626] isr        1546 6400  2  
[2024/11/09 11:28:42 714] isr        1535 ASR_MSG_AUW,   local  
[2024/11/09 11:28:42 789] isr        1546 6400  2  
[2024/11/09 11:28:43 521] isr        1535 ASR_MSG_AUW,   local  
[2024/11/09 11:28:43 535] isr        1546 6400  2  
[2024/11/09 11:28:43 667] isr        845  [aud] speech start  
[2024/11/09 11:28:43 843] isr        1535 ASR_MSG_AUW,   local  
[2024/11/09 11:28:43 866] isr        1546 6400  2  
[2024/11/09 11:28:44 047] isr        1535 ASR_MSG_AUW,   local  
[2024/11/09 11:28:44 081] isr        1546 6400  2  
[2024/11/09 11:28:44 360] isr        1535 ASR_MSG_AUW,   local  
[2024/11/09 11:28:44 478] isr        1546 6400  2  
[2024/11/09 11:28:44 730] isr        1535 ASR_MSG_AUW,   local  
[2024/11/09 11:28:44 790] isr        1546 6400  2  
