============================================================
Time  2010/01/01 00:03:57 917 
============================================================
[2010/01/01 00:03:57 919] waiter     120  waiter loaded!  
[2010/01/01 00:03:58 441] network    380  redns  def  open.xf-yun.com  
[2010/01/01 00:03:58 625] waiter     196  last gc at  1262275438  
[2010/01/01 00:04:01 794] network    166  dns timeout!  
[2010/01/01 00:04:01 854] network    397  redns dns resp  nil  10114  nil  nil  
[2010/01/01 00:04:12 117] network    380  redns  def  open.xf-yun.com  
[2010/01/01 00:04:12 398] waiter     196  last gc at  1262275438  
[2010/01/01 00:04:15 464] network    166  dns timeout!  
[2010/01/01 00:04:15 579] network    397  redns dns resp  nil  10114  nil  nil  
[2010/01/01 00:04:29 821] network    380  redns  def  open.xf-yun.com  
[2010/01/01 00:04:29 949] waiter     196  last gc at  1262275438  
[2010/01/01 00:04:33 066] network    166  dns timeout!  
[2010/01/01 00:04:33 114] network    397  redns dns resp  nil  10114  nil  nil  
[2010/01/01 00:04:35 523] waiter     183  start upload timer  
[2010/01/01 00:04:35 723] waiter     184  false  
[2010/01/01 00:04:35 834] waiter     196  last gc at  1262275438  
[2010/01/01 00:05:01 204] waiter     183  start upload timer  
[2010/01/01 00:05:01 248] waiter     184  true  
[2010/01/01 00:05:43 053] waiter     183  start upload timer  
[2010/01/01 00:05:43 095] waiter     184  true  
[2024/11/09 11:26:31 202] waiter     183  start upload timer  
[2024/11/09 11:26:31 230] waiter     184  true  
[2024/11/09 11:27:22 645] waiter     183  start upload timer  
[2024/11/09 11:27:22 675] waiter     184  true  
[2024/11/09 11:27:47 566] waiter     183  start upload timer  
[2024/11/09 11:27:47 605] waiter     184  true  
[2024/11/09 11:28:11 683] waiter     183  start upload timer  
[2024/11/09 11:28:11 708] waiter     184  true  
[2024/11/09 11:28:37 098] waiter     183  start upload timer  
[2024/11/09 11:28:37 118] waiter     184  true  
